INFO - 10/03/22 23:43:55 - 0:00:00 - command line argument: seed - 0
INFO - 10/03/22 23:43:55 - 0:00:00 - command line argument: train - ['data/ndebele/ndebele.train']
INFO - 10/03/22 23:43:55 - 0:00:00 - command line argument: dev - ['data/ndebele/ndebele.dev']
INFO - 10/03/22 23:43:55 - 0:00:00 - command line argument: test - ['data/ndebele/ndebele.test']
INFO - 10/03/22 23:43:55 - 0:00:00 - command line argument: model - 'model/g2p/large/transformer/ndebele'
INFO - 10/03/22 23:43:55 - 0:00:00 - command line argument: load - ''
INFO - 10/03/22 23:43:55 - 0:00:00 - command line argument: bs - 20
INFO - 10/03/22 23:43:55 - 0:00:00 - command line argument: epochs - 50
INFO - 10/03/22 23:43:55 - 0:00:00 - command line argument: max_steps - 0
INFO - 10/03/22 23:43:55 - 0:00:00 - command line argument: warmup_steps - 4000
INFO - 10/03/22 23:43:55 - 0:00:00 - command line argument: total_eval - -1
INFO - 10/03/22 23:43:55 - 0:00:00 - command line argument: optimizer - <Optimizer.adam: 'adam'>
INFO - 10/03/22 23:43:55 - 0:00:00 - command line argument: scheduler - <Scheduler.reducewhenstuck: 'reducewhenstuck'>
INFO - 10/03/22 23:43:55 - 0:00:00 - command line argument: lr - 0.001
INFO - 10/03/22 23:43:55 - 0:00:00 - command line argument: min_lr - 1e-05
INFO - 10/03/22 23:43:55 - 0:00:00 - command line argument: momentum - 0.9
INFO - 10/03/22 23:43:55 - 0:00:00 - command line argument: beta1 - 0.9
INFO - 10/03/22 23:43:55 - 0:00:00 - command line argument: beta2 - 0.999
INFO - 10/03/22 23:43:55 - 0:00:00 - command line argument: estop - 1e-08
INFO - 10/03/22 23:43:55 - 0:00:00 - command line argument: cooldown - 0
INFO - 10/03/22 23:43:55 - 0:00:00 - command line argument: patience - 0
INFO - 10/03/22 23:43:55 - 0:00:00 - command line argument: discount_factor - 0.5
INFO - 10/03/22 23:43:55 - 0:00:00 - command line argument: max_norm - 5.0
INFO - 10/03/22 23:43:55 - 0:00:00 - command line argument: gpuid - [0]
INFO - 10/03/22 23:43:55 - 0:00:00 - command line argument: loglevel - 'info'
INFO - 10/03/22 23:43:55 - 0:00:00 - command line argument: saveall - False
INFO - 10/03/22 23:43:55 - 0:00:00 - command line argument: shuffle - False
INFO - 10/03/22 23:43:55 - 0:00:00 - command line argument: cleanup_anyway - False
INFO - 10/03/22 23:43:55 - 0:00:00 - command line argument: dataset - <Data.g2p: 'g2p'>
INFO - 10/03/22 23:43:55 - 0:00:00 - command line argument: max_seq_len - 128
INFO - 10/03/22 23:43:55 - 0:00:00 - command line argument: max_decode_len - 128
INFO - 10/03/22 23:43:55 - 0:00:00 - command line argument: decode_beam_size - 5
INFO - 10/03/22 23:43:55 - 0:00:00 - command line argument: init - 'init/g2p/large/seed-0/ndebele'
INFO - 10/03/22 23:43:55 - 0:00:00 - command line argument: dropout - 0.4
INFO - 10/03/22 23:43:55 - 0:00:00 - command line argument: embed_dim - 200
INFO - 10/03/22 23:43:55 - 0:00:00 - command line argument: nb_heads - 4
INFO - 10/03/22 23:43:55 - 0:00:00 - command line argument: src_layer - 2
INFO - 10/03/22 23:43:55 - 0:00:00 - command line argument: trg_layer - 1
INFO - 10/03/22 23:43:55 - 0:00:00 - command line argument: src_hs - 400
INFO - 10/03/22 23:43:55 - 0:00:00 - command line argument: trg_hs - 400
INFO - 10/03/22 23:43:55 - 0:00:00 - command line argument: label_smooth - 0.0
INFO - 10/03/22 23:43:55 - 0:00:00 - command line argument: tie_trg_embed - False
INFO - 10/03/22 23:43:55 - 0:00:00 - command line argument: arch - <Arch.transformer: 'transformer'>
INFO - 10/03/22 23:43:55 - 0:00:00 - command line argument: nb_sample - 4
INFO - 10/03/22 23:43:55 - 0:00:00 - command line argument: wid_siz - 11
INFO - 10/03/22 23:43:55 - 0:00:00 - command line argument: indtag - False
INFO - 10/03/22 23:43:55 - 0:00:00 - command line argument: decode - <Decode.greedy: 'greedy'>
INFO - 10/03/22 23:43:55 - 0:00:00 - command line argument: mono - False
INFO - 10/03/22 23:43:55 - 0:00:00 - command line argument: bestacc - False
INFO - 10/03/22 23:43:55 - 0:00:00 - src vocab size 68
INFO - 10/03/22 23:43:55 - 0:00:00 - trg vocab size 66
INFO - 10/03/22 23:43:55 - 0:00:00 - src vocab ['<PAD>', '<BOS>', '<EOS>', '<UNK>', '%', '.', '0', '1', '2', '3', '4', '5', '6', '7', '8', '9', 'A', 'B', 'C', 'D', 'E', 'F', 'G', 'H', 'I', 'J', 'K', 'L', 'M', 'N', 'O', 'P', 'Q', 'R', 'S', 'T', 'U', 'V', 'W', 'X', 'Y', 'Z', 'a', 'b', 'c', 'd', 'e', 'f', 'g', 'h', 'i', 'j', 'k', 'l', 'm', 'n', 'o', 'p', 'q', 'r', 's', 't', 'u', 'v', 'w', 'x', 'y', 'z']
INFO - 10/03/22 23:43:55 - 0:00:00 - trg vocab ['<PAD>', '<BOS>', '<EOS>', '<UNK>', '%', "'", '-', '.', '0', '1', '2', '3', '4', '5', '6', '7', '8', '9', 'A', 'B', 'C', 'D', 'E', 'G', 'H', 'I', 'J', 'K', 'L', 'M', 'N', 'O', 'P', 'R', 'S', 'T', 'V', 'X', 'Y', 'Z', 'a', 'b', 'c', 'd', 'e', 'f', 'g', 'h', 'i', 'j', 'k', 'l', 'm', 'n', 'o', 'p', 'q', 'r', 's', 't', 'u', 'v', 'w', 'x', 'y', 'z']
INFO - 10/03/22 23:43:55 - 0:00:00 - model: Transformer(
                                       (src_embed): Embedding(68, 200, padding_idx=0)
                                       (trg_embed): Embedding(66, 200, padding_idx=0)
                                       (position_embed): SinusoidalPositionalEmbedding()
                                       (encoder): TransformerEncoder(
                                         (layers): ModuleList(
                                           (0): TransformerEncoderLayer(
                                             (self_attn): MultiheadAttention(
                                               (out_proj): NonDynamicallyQuantizableLinear(in_features=200, out_features=200, bias=True)
                                             )
                                             (linear1): Linear(in_features=200, out_features=400, bias=True)
                                             (dropout): Dropout(p=0.4, inplace=False)
                                             (linear2): Linear(in_features=400, out_features=200, bias=True)
                                             (norm1): LayerNorm((200,), eps=1e-05, elementwise_affine=True)
                                             (norm2): LayerNorm((200,), eps=1e-05, elementwise_affine=True)
                                             (activation_dropout): Dropout(p=0.4, inplace=False)
                                           )
                                           (1): TransformerEncoderLayer(
                                             (self_attn): MultiheadAttention(
                                               (out_proj): NonDynamicallyQuantizableLinear(in_features=200, out_features=200, bias=True)
                                             )
                                             (linear1): Linear(in_features=200, out_features=400, bias=True)
                                             (dropout): Dropout(p=0.4, inplace=False)
                                             (linear2): Linear(in_features=400, out_features=200, bias=True)
                                             (norm1): LayerNorm((200,), eps=1e-05, elementwise_affine=True)
                                             (norm2): LayerNorm((200,), eps=1e-05, elementwise_affine=True)
                                             (activation_dropout): Dropout(p=0.4, inplace=False)
                                           )
                                         )
                                         (norm): LayerNorm((200,), eps=1e-05, elementwise_affine=True)
                                       )
                                       (decoder): TransformerDecoder(
                                         (layers): ModuleList(
                                           (0): TransformerDecoderLayer(
                                             (self_attn): MultiheadAttention(
                                               (out_proj): NonDynamicallyQuantizableLinear(in_features=200, out_features=200, bias=True)
                                             )
                                             (multihead_attn): MultiheadAttention(
                                               (out_proj): NonDynamicallyQuantizableLinear(in_features=200, out_features=200, bias=True)
                                             )
                                             (linear1): Linear(in_features=200, out_features=400, bias=True)
                                             (dropout): Dropout(p=0.4, inplace=False)
                                             (linear2): Linear(in_features=400, out_features=200, bias=True)
                                             (norm1): LayerNorm((200,), eps=1e-05, elementwise_affine=True)
                                             (norm2): LayerNorm((200,), eps=1e-05, elementwise_affine=True)
                                             (norm3): LayerNorm((200,), eps=1e-05, elementwise_affine=True)
                                             (activation_dropout): Dropout(p=0.4, inplace=False)
                                           )
                                         )
                                         (norm): LayerNorm((200,), eps=1e-05, elementwise_affine=True)
                                       )
                                       (final_out): Linear(in_features=200, out_features=66, bias=True)
                                       (dropout): Dropout(p=0.4, inplace=False)
                                     )
INFO - 10/03/22 23:43:55 - 0:00:00 - number of parameter 1168666
INFO - 10/03/22 23:43:58 - 0:00:02 - dump to init/g2p/large/seed-0/ndebele
INFO - 10/03/22 23:43:58 - 0:00:02 - maximum training 32350 steps (50 epochs)
INFO - 10/03/22 23:43:58 - 0:00:02 - evaluate every 1 epochs
INFO - 10/03/22 23:43:58 - 0:00:02 - At 0-th epoch with lr 0.001000.
INFO - 10/03/22 23:44:08 - 0:00:12 - Running average train loss is 1.3937707399658663 at epoch 0
INFO - 10/03/22 23:44:08 - 0:00:12 - At 1-th epoch with lr 0.001000.
INFO - 10/03/22 23:44:17 - 0:00:22 - Running average train loss is 0.8712248990119332 at epoch 1
INFO - 10/03/22 23:44:17 - 0:00:22 - Average dev loss is 0.4730611095061669 at epoch 1
INFO - 10/03/22 23:44:20 - 0:00:25 - dev accuracy is 23.741 at epoch 1
INFO - 10/03/22 23:44:20 - 0:00:25 - dev phenome error rate is 0.1985 at epoch 1
INFO - 10/03/22 23:44:20 - 0:00:25 - At 2-th epoch with lr 0.001000.
INFO - 10/03/22 23:44:29 - 0:00:34 - Running average train loss is 0.7283482489390573 at epoch 2
INFO - 10/03/22 23:44:30 - 0:00:34 - Average dev loss is 0.38713383491222675 at epoch 2
INFO - 10/03/22 23:44:33 - 0:00:38 - dev accuracy is 29.4964 at epoch 2
INFO - 10/03/22 23:44:33 - 0:00:38 - dev phenome error rate is 0.2033 at epoch 2
INFO - 10/03/22 23:44:33 - 0:00:38 - At 3-th epoch with lr 0.001000.
INFO - 10/03/22 23:44:43 - 0:00:47 - Running average train loss is 0.6517871806205148 at epoch 3
INFO - 10/03/22 23:44:43 - 0:00:48 - Average dev loss is 0.3445836475262275 at epoch 3
INFO - 10/03/22 23:44:46 - 0:00:50 - dev accuracy is 34.5324 at epoch 3
INFO - 10/03/22 23:44:46 - 0:00:50 - dev phenome error rate is 0.15 at epoch 3
INFO - 10/03/22 23:44:46 - 0:00:50 - At 4-th epoch with lr 0.001000.
INFO - 10/03/22 23:44:55 - 0:01:00 - Running average train loss is 0.6017693777264915 at epoch 4
INFO - 10/03/22 23:44:55 - 0:01:00 - Average dev loss is 0.30055962136158576 at epoch 4
INFO - 10/03/22 23:44:58 - 0:01:02 - dev accuracy is 38.3993 at epoch 4
INFO - 10/03/22 23:44:58 - 0:01:02 - dev phenome error rate is 0.1242 at epoch 4
INFO - 10/03/22 23:44:58 - 0:01:02 - At 5-th epoch with lr 0.001000.
INFO - 10/03/22 23:45:08 - 0:01:12 - Running average train loss is 0.5683210968879128 at epoch 5
INFO - 10/03/22 23:45:08 - 0:01:12 - Average dev loss is 0.28436035766051365 at epoch 5
INFO - 10/03/22 23:45:10 - 0:01:15 - dev accuracy is 38.4892 at epoch 5
INFO - 10/03/22 23:45:10 - 0:01:15 - dev phenome error rate is 0.1241 at epoch 5
INFO - 10/03/22 23:45:10 - 0:01:15 - At 6-th epoch with lr 0.001000.
INFO - 10/03/22 23:45:20 - 0:01:25 - Running average train loss is 0.5371889453582822 at epoch 6
INFO - 10/03/22 23:45:20 - 0:01:25 - Average dev loss is 0.26638425302047 at epoch 6
INFO - 10/03/22 23:45:22 - 0:01:27 - dev accuracy is 40.3777 at epoch 6
INFO - 10/03/22 23:45:22 - 0:01:27 - dev phenome error rate is 0.122 at epoch 6
INFO - 10/03/22 23:45:22 - 0:01:27 - At 7-th epoch with lr 0.001000.
INFO - 10/03/22 23:45:32 - 0:01:37 - Running average train loss is 0.519354323008698 at epoch 7
INFO - 10/03/22 23:45:32 - 0:01:37 - Average dev loss is 0.2658950966138106 at epoch 7
INFO - 10/03/22 23:45:35 - 0:01:39 - dev accuracy is 39.2086 at epoch 7
INFO - 10/03/22 23:45:35 - 0:01:39 - dev phenome error rate is 0.1178 at epoch 7
INFO - 10/03/22 23:45:35 - 0:01:39 - At 8-th epoch with lr 0.001000.
INFO - 10/03/22 23:45:45 - 0:01:49 - Running average train loss is 0.5076148941122582 at epoch 8
INFO - 10/03/22 23:45:45 - 0:01:50 - Average dev loss is 0.25340348940629226 at epoch 8
INFO - 10/03/22 23:45:47 - 0:01:52 - dev accuracy is 40.7374 at epoch 8
INFO - 10/03/22 23:45:47 - 0:01:52 - dev phenome error rate is 0.1182 at epoch 8
INFO - 10/03/22 23:45:47 - 0:01:52 - At 9-th epoch with lr 0.001000.
INFO - 10/03/22 23:45:57 - 0:02:02 - Running average train loss is 0.490337164476629 at epoch 9
INFO - 10/03/22 23:45:58 - 0:02:02 - Average dev loss is 0.24868993231883416 at epoch 9
INFO - 10/03/22 23:46:00 - 0:02:04 - dev accuracy is 41.4568 at epoch 9
INFO - 10/03/22 23:46:00 - 0:02:04 - dev phenome error rate is 0.1167 at epoch 9
INFO - 10/03/22 23:46:00 - 0:02:05 - At 10-th epoch with lr 0.001000.
INFO - 10/03/22 23:46:09 - 0:02:14 - Running average train loss is 0.4763287048113217 at epoch 10
INFO - 10/03/22 23:46:10 - 0:02:14 - Average dev loss is 0.2388947607232974 at epoch 10
INFO - 10/03/22 23:46:12 - 0:02:17 - dev accuracy is 43.2554 at epoch 10
INFO - 10/03/22 23:46:12 - 0:02:17 - dev phenome error rate is 0.1308 at epoch 10
INFO - 10/03/22 23:46:12 - 0:02:17 - At 11-th epoch with lr 0.001000.
INFO - 10/03/22 23:46:22 - 0:02:26 - Running average train loss is 0.4662133765045605 at epoch 11
INFO - 10/03/22 23:46:22 - 0:02:27 - Average dev loss is 0.22577764242887496 at epoch 11
INFO - 10/03/22 23:46:25 - 0:02:29 - dev accuracy is 43.8849 at epoch 11
INFO - 10/03/22 23:46:25 - 0:02:29 - dev phenome error rate is 0.1273 at epoch 11
INFO - 10/03/22 23:46:25 - 0:02:29 - At 12-th epoch with lr 0.001000.
INFO - 10/03/22 23:46:34 - 0:02:39 - Running average train loss is 0.454584303396931 at epoch 12
INFO - 10/03/22 23:46:34 - 0:02:39 - Average dev loss is 0.2279977044233909 at epoch 12
INFO - 10/03/22 23:46:37 - 0:02:41 - dev accuracy is 42.0863 at epoch 12
INFO - 10/03/22 23:46:37 - 0:02:41 - dev phenome error rate is 0.124 at epoch 12
INFO - 10/03/22 23:46:37 - 0:02:41 - At 13-th epoch with lr 0.000500.
INFO - 10/03/22 23:46:46 - 0:02:51 - Running average train loss is 0.41692216613745947 at epoch 13
INFO - 10/03/22 23:46:46 - 0:02:51 - Average dev loss is 0.19803043506466425 at epoch 13
INFO - 10/03/22 23:46:49 - 0:02:53 - dev accuracy is 48.1115 at epoch 13
INFO - 10/03/22 23:46:49 - 0:02:53 - dev phenome error rate is 0.1059 at epoch 13
INFO - 10/03/22 23:46:49 - 0:02:53 - At 14-th epoch with lr 0.000500.
INFO - 10/03/22 23:46:58 - 0:03:03 - Running average train loss is 0.4043994679287007 at epoch 14
INFO - 10/03/22 23:46:58 - 0:03:03 - Average dev loss is 0.19277982969696705 at epoch 14
INFO - 10/03/22 23:47:01 - 0:03:05 - dev accuracy is 48.5612 at epoch 14
INFO - 10/03/22 23:47:01 - 0:03:05 - dev phenome error rate is 0.1083 at epoch 14
INFO - 10/03/22 23:47:01 - 0:03:06 - At 15-th epoch with lr 0.000500.
INFO - 10/03/22 23:47:10 - 0:03:15 - Running average train loss is 0.3931050540582843 at epoch 15
INFO - 10/03/22 23:47:11 - 0:03:15 - Average dev loss is 0.1917954079233683 at epoch 15
INFO - 10/03/22 23:47:13 - 0:03:18 - dev accuracy is 49.7302 at epoch 15
INFO - 10/03/22 23:47:13 - 0:03:18 - dev phenome error rate is 0.1055 at epoch 15
INFO - 10/03/22 23:47:13 - 0:03:18 - At 16-th epoch with lr 0.000500.
INFO - 10/03/22 23:47:22 - 0:03:27 - Running average train loss is 0.3871794563863524 at epoch 16
INFO - 10/03/22 23:47:23 - 0:03:27 - Average dev loss is 0.1840269113962467 at epoch 16
INFO - 10/03/22 23:47:25 - 0:03:30 - dev accuracy is 50.8993 at epoch 16
INFO - 10/03/22 23:47:25 - 0:03:30 - dev phenome error rate is 0.0975 at epoch 16
INFO - 10/03/22 23:47:25 - 0:03:30 - At 17-th epoch with lr 0.000500.
INFO - 10/03/22 23:47:34 - 0:03:39 - Running average train loss is 0.38252536146404936 at epoch 17
INFO - 10/03/22 23:47:35 - 0:03:39 - Average dev loss is 0.18195679096075204 at epoch 17
INFO - 10/03/22 23:47:37 - 0:03:42 - dev accuracy is 48.4712 at epoch 17
INFO - 10/03/22 23:47:37 - 0:03:42 - dev phenome error rate is 0.1009 at epoch 17
INFO - 10/03/22 23:47:37 - 0:03:42 - At 18-th epoch with lr 0.000500.
INFO - 10/03/22 23:47:46 - 0:03:51 - Running average train loss is 0.3750105710265441 at epoch 18
INFO - 10/03/22 23:47:46 - 0:03:51 - Average dev loss is 0.17545920409835303 at epoch 18
INFO - 10/03/22 23:47:49 - 0:03:53 - dev accuracy is 50.1799 at epoch 18
INFO - 10/03/22 23:47:49 - 0:03:53 - dev phenome error rate is 0.0954 at epoch 18
INFO - 10/03/22 23:47:49 - 0:03:53 - At 19-th epoch with lr 0.000500.
INFO - 10/03/22 23:47:58 - 0:04:03 - Running average train loss is 0.3750421839897194 at epoch 19
INFO - 10/03/22 23:47:58 - 0:04:03 - Average dev loss is 0.17746147914574698 at epoch 19
INFO - 10/03/22 23:48:00 - 0:04:05 - dev accuracy is 50.8094 at epoch 19
INFO - 10/03/22 23:48:00 - 0:04:05 - dev phenome error rate is 0.0972 at epoch 19
INFO - 10/03/22 23:48:00 - 0:04:05 - At 20-th epoch with lr 0.000250.
INFO - 10/03/22 23:48:10 - 0:04:14 - Running average train loss is 0.35622140507241123 at epoch 20
INFO - 10/03/22 23:48:10 - 0:04:15 - Average dev loss is 0.1643565317759147 at epoch 20
INFO - 10/03/22 23:48:12 - 0:04:17 - dev accuracy is 52.6079 at epoch 20
INFO - 10/03/22 23:48:12 - 0:04:17 - dev phenome error rate is 0.1002 at epoch 20
INFO - 10/03/22 23:48:12 - 0:04:17 - At 21-th epoch with lr 0.000250.
INFO - 10/03/22 23:48:22 - 0:04:26 - Running average train loss is 0.34751304852815096 at epoch 21
INFO - 10/03/22 23:48:22 - 0:04:27 - Average dev loss is 0.1640421320612614 at epoch 21
INFO - 10/03/22 23:48:24 - 0:04:29 - dev accuracy is 53.5971 at epoch 21
INFO - 10/03/22 23:48:24 - 0:04:29 - dev phenome error rate is 0.0954 at epoch 21
INFO - 10/03/22 23:48:24 - 0:04:29 - At 22-th epoch with lr 0.000250.
INFO - 10/03/22 23:48:34 - 0:04:38 - Running average train loss is 0.3457395986206196 at epoch 22
INFO - 10/03/22 23:48:34 - 0:04:38 - Average dev loss is 0.16066808385344652 at epoch 22
INFO - 10/03/22 23:48:36 - 0:04:41 - dev accuracy is 54.2266 at epoch 22
INFO - 10/03/22 23:48:36 - 0:04:41 - dev phenome error rate is 0.0913 at epoch 22
INFO - 10/03/22 23:48:36 - 0:04:41 - At 23-th epoch with lr 0.000250.
INFO - 10/03/22 23:48:45 - 0:04:50 - Running average train loss is 0.3396266560880626 at epoch 23
INFO - 10/03/22 23:48:46 - 0:04:50 - Average dev loss is 0.16079172251316218 at epoch 23
INFO - 10/03/22 23:48:48 - 0:04:53 - dev accuracy is 54.2266 at epoch 23
INFO - 10/03/22 23:48:48 - 0:04:53 - dev phenome error rate is 0.0932 at epoch 23
INFO - 10/03/22 23:48:48 - 0:04:53 - At 24-th epoch with lr 0.000125.
INFO - 10/03/22 23:48:57 - 0:05:02 - Running average train loss is 0.3329991204246671 at epoch 24
INFO - 10/03/22 23:48:58 - 0:05:02 - Average dev loss is 0.15588360451734984 at epoch 24
INFO - 10/03/22 23:49:00 - 0:05:05 - dev accuracy is 54.5863 at epoch 24
INFO - 10/03/22 23:49:00 - 0:05:05 - dev phenome error rate is 0.0928 at epoch 24
INFO - 10/03/22 23:49:00 - 0:05:05 - At 25-th epoch with lr 0.000125.
INFO - 10/03/22 23:49:10 - 0:05:14 - Running average train loss is 0.3300571348949967 at epoch 25
INFO - 10/03/22 23:49:10 - 0:05:14 - Average dev loss is 0.1574574500322342 at epoch 25
INFO - 10/03/22 23:49:12 - 0:05:17 - dev accuracy is 54.946 at epoch 25
INFO - 10/03/22 23:49:12 - 0:05:17 - dev phenome error rate is 0.0911 at epoch 25
INFO - 10/03/22 23:49:12 - 0:05:17 - At 26-th epoch with lr 0.000063.
INFO - 10/03/22 23:49:22 - 0:05:26 - Running average train loss is 0.3263355791799068 at epoch 26
INFO - 10/03/22 23:49:22 - 0:05:26 - Average dev loss is 0.15611239196016238 at epoch 26
INFO - 10/03/22 23:49:24 - 0:05:29 - dev accuracy is 55.6655 at epoch 26
INFO - 10/03/22 23:49:24 - 0:05:29 - dev phenome error rate is 0.0936 at epoch 26
INFO - 10/03/22 23:49:24 - 0:05:29 - At 27-th epoch with lr 0.000031.
INFO - 10/03/22 23:49:34 - 0:05:38 - Running average train loss is 0.32409052112049075 at epoch 27
INFO - 10/03/22 23:49:34 - 0:05:39 - Average dev loss is 0.15490050722773258 at epoch 27
INFO - 10/03/22 23:49:36 - 0:05:41 - dev accuracy is 57.1942 at epoch 27
INFO - 10/03/22 23:49:36 - 0:05:41 - dev phenome error rate is 0.0921 at epoch 27
INFO - 10/03/22 23:49:36 - 0:05:41 - At 28-th epoch with lr 0.000031.
INFO - 10/03/22 23:49:46 - 0:05:51 - Running average train loss is 0.32215236311625844 at epoch 28
INFO - 10/03/22 23:49:46 - 0:05:51 - Average dev loss is 0.15324749596990073 at epoch 28
INFO - 10/03/22 23:49:48 - 0:05:53 - dev accuracy is 56.1151 at epoch 28
INFO - 10/03/22 23:49:48 - 0:05:53 - dev phenome error rate is 0.0934 at epoch 28
INFO - 10/03/22 23:49:49 - 0:05:53 - At 29-th epoch with lr 0.000031.
INFO - 10/03/22 23:49:58 - 0:06:03 - Running average train loss is 0.3185367065221302 at epoch 29
INFO - 10/03/22 23:49:58 - 0:06:03 - Average dev loss is 0.15234743958482375 at epoch 29
INFO - 10/03/22 23:50:01 - 0:06:05 - dev accuracy is 56.9245 at epoch 29
INFO - 10/03/22 23:50:01 - 0:06:05 - dev phenome error rate is 0.0899 at epoch 29
INFO - 10/03/22 23:50:01 - 0:06:05 - At 30-th epoch with lr 0.000031.
INFO - 10/03/22 23:50:10 - 0:06:15 - Running average train loss is 0.319351099258781 at epoch 30
INFO - 10/03/22 23:50:10 - 0:06:15 - Average dev loss is 0.15144820912526205 at epoch 30
INFO - 10/03/22 23:50:13 - 0:06:17 - dev accuracy is 56.9245 at epoch 30
INFO - 10/03/22 23:50:13 - 0:06:17 - dev phenome error rate is 0.0901 at epoch 30
INFO - 10/03/22 23:50:13 - 0:06:17 - At 31-th epoch with lr 0.000031.
INFO - 10/03/22 23:50:22 - 0:06:27 - Running average train loss is 0.319019498951284 at epoch 31
INFO - 10/03/22 23:50:23 - 0:06:27 - Average dev loss is 0.15196293621109083 at epoch 31
INFO - 10/03/22 23:50:25 - 0:06:30 - dev accuracy is 56.6547 at epoch 31
INFO - 10/03/22 23:50:25 - 0:06:30 - dev phenome error rate is 0.0919 at epoch 31
INFO - 10/03/22 23:50:25 - 0:06:30 - At 32-th epoch with lr 0.000016.
INFO - 10/03/22 23:50:34 - 0:06:39 - Running average train loss is 0.31920474645619784 at epoch 32
INFO - 10/03/22 23:50:35 - 0:06:39 - Average dev loss is 0.1519773493019434 at epoch 32
INFO - 10/03/22 23:50:37 - 0:06:42 - dev accuracy is 57.554 at epoch 32
INFO - 10/03/22 23:50:37 - 0:06:42 - dev phenome error rate is 0.0918 at epoch 32
INFO - 10/03/22 23:50:37 - 0:06:42 - At 33-th epoch with lr 0.000010.
INFO - 10/03/22 23:50:46 - 0:06:51 - Running average train loss is 0.31618359068860596 at epoch 33
INFO - 10/03/22 23:50:47 - 0:06:51 - Average dev loss is 0.15188620531788238 at epoch 33
INFO - 10/03/22 23:50:49 - 0:06:54 - dev accuracy is 57.9137 at epoch 33
INFO - 10/03/22 23:50:49 - 0:06:54 - dev phenome error rate is 0.0915 at epoch 33
INFO - 10/03/22 23:50:49 - 0:06:54 - At 34-th epoch with lr 0.000010.
INFO - 10/03/22 23:50:59 - 0:07:03 - Running average train loss is 0.3177484512283039 at epoch 34
INFO - 10/03/22 23:50:59 - 0:07:03 - Average dev loss is 0.1521958912221285 at epoch 34
INFO - 10/03/22 23:51:01 - 0:07:06 - dev accuracy is 57.7338 at epoch 34
INFO - 10/03/22 23:51:01 - 0:07:06 - dev phenome error rate is 0.0908 at epoch 34
INFO - 10/03/22 23:51:01 - 0:07:06 - Early stopping triggered with epoch 34 (previous dev loss: 0.151886, current: 0.152196)
INFO - 10/03/22 23:51:01 - 0:07:06 - loading model/g2p/large/transformer/ndebele.nll_0.1523.acc_56.9245.per_0.0899.epoch_29 for testing
INFO - 10/03/22 23:51:01 - 0:07:06 - load model in model/g2p/large/transformer/ndebele.nll_0.1523.acc_56.9245.per_0.0899.epoch_29
INFO - 10/03/22 23:51:01 - 0:07:06 - Average dev loss is 0.15234743958482375 at epoch -1
INFO - 10/03/22 23:51:01 - 0:07:06 - decoding dev set
INFO - 10/03/22 23:51:04 - 0:07:09 - finished decoding 1292 dev instance
INFO - 10/03/22 23:51:04 - 0:07:09 - DEV accuracy is 56.9245 at epoch -1
INFO - 10/03/22 23:51:04 - 0:07:09 - DEV phenome error rate is 0.0899 at epoch -1
INFO - 10/03/22 23:51:04 - 0:07:09 - DEV ndebele acc 56.9245 per 0.0899
INFO - 10/03/22 23:51:05 - 0:07:09 - Average test loss is 0.3971237506484613 at epoch -1
INFO - 10/03/22 23:51:05 - 0:07:09 - decoding test set
INFO - 10/03/22 23:51:11 - 0:07:15 - finished decoding 2552 test instance
INFO - 10/03/22 23:51:11 - 0:07:15 - TEST accuracy is 32.6891 at epoch -1
INFO - 10/03/22 23:51:11 - 0:07:15 - TEST phenome error rate is 0.1773 at epoch -1
INFO - 10/03/22 23:51:11 - 0:07:15 - TEST ndebele acc 32.6891 per 0.1773
