INFO - 10/03/22 23:51:12 - 0:00:00 - command line argument: seed - 0
INFO - 10/03/22 23:51:12 - 0:00:00 - command line argument: train - ['data/swati/swati.train']
INFO - 10/03/22 23:51:12 - 0:00:00 - command line argument: dev - ['data/swati/swati.dev']
INFO - 10/03/22 23:51:12 - 0:00:00 - command line argument: test - ['data/swati/swati.test']
INFO - 10/03/22 23:51:12 - 0:00:00 - command line argument: model - 'model/g2p/large/transformer/swati'
INFO - 10/03/22 23:51:12 - 0:00:00 - command line argument: load - ''
INFO - 10/03/22 23:51:12 - 0:00:00 - command line argument: bs - 20
INFO - 10/03/22 23:51:12 - 0:00:00 - command line argument: epochs - 50
INFO - 10/03/22 23:51:12 - 0:00:00 - command line argument: max_steps - 0
INFO - 10/03/22 23:51:12 - 0:00:00 - command line argument: warmup_steps - 4000
INFO - 10/03/22 23:51:12 - 0:00:00 - command line argument: total_eval - -1
INFO - 10/03/22 23:51:12 - 0:00:00 - command line argument: optimizer - <Optimizer.adam: 'adam'>
INFO - 10/03/22 23:51:12 - 0:00:00 - command line argument: scheduler - <Scheduler.reducewhenstuck: 'reducewhenstuck'>
INFO - 10/03/22 23:51:12 - 0:00:00 - command line argument: lr - 0.001
INFO - 10/03/22 23:51:12 - 0:00:00 - command line argument: min_lr - 1e-05
INFO - 10/03/22 23:51:12 - 0:00:00 - command line argument: momentum - 0.9
INFO - 10/03/22 23:51:12 - 0:00:00 - command line argument: beta1 - 0.9
INFO - 10/03/22 23:51:12 - 0:00:00 - command line argument: beta2 - 0.999
INFO - 10/03/22 23:51:12 - 0:00:00 - command line argument: estop - 1e-08
INFO - 10/03/22 23:51:12 - 0:00:00 - command line argument: cooldown - 0
INFO - 10/03/22 23:51:12 - 0:00:00 - command line argument: patience - 0
INFO - 10/03/22 23:51:12 - 0:00:00 - command line argument: discount_factor - 0.5
INFO - 10/03/22 23:51:12 - 0:00:00 - command line argument: max_norm - 5.0
INFO - 10/03/22 23:51:12 - 0:00:00 - command line argument: gpuid - [0]
INFO - 10/03/22 23:51:12 - 0:00:00 - command line argument: loglevel - 'info'
INFO - 10/03/22 23:51:12 - 0:00:00 - command line argument: saveall - False
INFO - 10/03/22 23:51:12 - 0:00:00 - command line argument: shuffle - False
INFO - 10/03/22 23:51:12 - 0:00:00 - command line argument: cleanup_anyway - False
INFO - 10/03/22 23:51:12 - 0:00:00 - command line argument: dataset - <Data.g2p: 'g2p'>
INFO - 10/03/22 23:51:12 - 0:00:00 - command line argument: max_seq_len - 128
INFO - 10/03/22 23:51:12 - 0:00:00 - command line argument: max_decode_len - 128
INFO - 10/03/22 23:51:12 - 0:00:00 - command line argument: decode_beam_size - 5
INFO - 10/03/22 23:51:12 - 0:00:00 - command line argument: init - 'init/g2p/large/seed-0/swati'
INFO - 10/03/22 23:51:12 - 0:00:00 - command line argument: dropout - 0.4
INFO - 10/03/22 23:51:12 - 0:00:00 - command line argument: embed_dim - 200
INFO - 10/03/22 23:51:12 - 0:00:00 - command line argument: nb_heads - 4
INFO - 10/03/22 23:51:12 - 0:00:00 - command line argument: src_layer - 2
INFO - 10/03/22 23:51:12 - 0:00:00 - command line argument: trg_layer - 1
INFO - 10/03/22 23:51:12 - 0:00:00 - command line argument: src_hs - 400
INFO - 10/03/22 23:51:12 - 0:00:00 - command line argument: trg_hs - 400
INFO - 10/03/22 23:51:12 - 0:00:00 - command line argument: label_smooth - 0.0
INFO - 10/03/22 23:51:12 - 0:00:00 - command line argument: tie_trg_embed - False
INFO - 10/03/22 23:51:12 - 0:00:00 - command line argument: arch - <Arch.transformer: 'transformer'>
INFO - 10/03/22 23:51:12 - 0:00:00 - command line argument: nb_sample - 4
INFO - 10/03/22 23:51:12 - 0:00:00 - command line argument: wid_siz - 11
INFO - 10/03/22 23:51:12 - 0:00:00 - command line argument: indtag - False
INFO - 10/03/22 23:51:12 - 0:00:00 - command line argument: decode - <Decode.greedy: 'greedy'>
INFO - 10/03/22 23:51:12 - 0:00:00 - command line argument: mono - False
INFO - 10/03/22 23:51:12 - 0:00:00 - command line argument: bestacc - False
INFO - 10/03/22 23:51:12 - 0:00:00 - src vocab size 70
INFO - 10/03/22 23:51:12 - 0:00:00 - trg vocab size 71
INFO - 10/03/22 23:51:12 - 0:00:00 - src vocab ['<PAD>', '<BOS>', '<EOS>', '<UNK>', '%', '&', "'", '.', '/', '0', '1', '2', '3', '4', '5', '6', '7', '8', '9', 'A', 'B', 'C', 'D', 'E', 'F', 'G', 'H', 'I', 'J', 'K', 'L', 'M', 'N', 'O', 'P', 'R', 'S', 'T', 'U', 'V', 'W', 'X', 'Y', 'Z', 'a', 'b', 'c', 'd', 'e', 'f', 'g', 'h', 'i', 'j', 'k', 'l', 'm', 'n', 'o', 'p', 'q', 'r', 's', 't', 'u', 'v', 'w', 'x', 'y', 'z']
INFO - 10/03/22 23:51:12 - 0:00:00 - trg vocab ['<PAD>', '<BOS>', '<EOS>', '<UNK>', '%', '&', "'", '-', '.', '/', '0', '1', '2', '3', '4', '5', '6', '7', '8', '9', 'A', 'B', 'C', 'D', 'E', 'F', 'G', 'H', 'I', 'J', 'K', 'L', 'M', 'N', 'O', 'P', 'R', 'S', 'T', 'U', 'V', 'W', 'X', 'Y', 'Z', 'a', 'b', 'c', 'd', 'e', 'f', 'g', 'h', 'i', 'j', 'k', 'l', 'm', 'n', 'o', 'p', 'q', 'r', 's', 't', 'u', 'v', 'w', 'x', 'y', 'z']
INFO - 10/03/22 23:51:12 - 0:00:00 - model: Transformer(
                                       (src_embed): Embedding(70, 200, padding_idx=0)
                                       (trg_embed): Embedding(71, 200, padding_idx=0)
                                       (position_embed): SinusoidalPositionalEmbedding()
                                       (encoder): TransformerEncoder(
                                         (layers): ModuleList(
                                           (0): TransformerEncoderLayer(
                                             (self_attn): MultiheadAttention(
                                               (out_proj): NonDynamicallyQuantizableLinear(in_features=200, out_features=200, bias=True)
                                             )
                                             (linear1): Linear(in_features=200, out_features=400, bias=True)
                                             (dropout): Dropout(p=0.4, inplace=False)
                                             (linear2): Linear(in_features=400, out_features=200, bias=True)
                                             (norm1): LayerNorm((200,), eps=1e-05, elementwise_affine=True)
                                             (norm2): LayerNorm((200,), eps=1e-05, elementwise_affine=True)
                                             (activation_dropout): Dropout(p=0.4, inplace=False)
                                           )
                                           (1): TransformerEncoderLayer(
                                             (self_attn): MultiheadAttention(
                                               (out_proj): NonDynamicallyQuantizableLinear(in_features=200, out_features=200, bias=True)
                                             )
                                             (linear1): Linear(in_features=200, out_features=400, bias=True)
                                             (dropout): Dropout(p=0.4, inplace=False)
                                             (linear2): Linear(in_features=400, out_features=200, bias=True)
                                             (norm1): LayerNorm((200,), eps=1e-05, elementwise_affine=True)
                                             (norm2): LayerNorm((200,), eps=1e-05, elementwise_affine=True)
                                             (activation_dropout): Dropout(p=0.4, inplace=False)
                                           )
                                         )
                                         (norm): LayerNorm((200,), eps=1e-05, elementwise_affine=True)
                                       )
                                       (decoder): TransformerDecoder(
                                         (layers): ModuleList(
                                           (0): TransformerDecoderLayer(
                                             (self_attn): MultiheadAttention(
                                               (out_proj): NonDynamicallyQuantizableLinear(in_features=200, out_features=200, bias=True)
                                             )
                                             (multihead_attn): MultiheadAttention(
                                               (out_proj): NonDynamicallyQuantizableLinear(in_features=200, out_features=200, bias=True)
                                             )
                                             (linear1): Linear(in_features=200, out_features=400, bias=True)
                                             (dropout): Dropout(p=0.4, inplace=False)
                                             (linear2): Linear(in_features=400, out_features=200, bias=True)
                                             (norm1): LayerNorm((200,), eps=1e-05, elementwise_affine=True)
                                             (norm2): LayerNorm((200,), eps=1e-05, elementwise_affine=True)
                                             (norm3): LayerNorm((200,), eps=1e-05, elementwise_affine=True)
                                             (activation_dropout): Dropout(p=0.4, inplace=False)
                                           )
                                         )
                                         (norm): LayerNorm((200,), eps=1e-05, elementwise_affine=True)
                                       )
                                       (final_out): Linear(in_features=200, out_features=71, bias=True)
                                       (dropout): Dropout(p=0.4, inplace=False)
                                     )
INFO - 10/03/22 23:51:12 - 0:00:00 - number of parameter 1171071
INFO - 10/03/22 23:51:14 - 0:00:02 - dump to init/g2p/large/seed-0/swati
INFO - 10/03/22 23:51:14 - 0:00:02 - maximum training 27000 steps (50 epochs)
INFO - 10/03/22 23:51:14 - 0:00:02 - evaluate every 1 epochs
INFO - 10/03/22 23:51:14 - 0:00:02 - At 0-th epoch with lr 0.001000.
INFO - 10/03/22 23:51:23 - 0:00:11 - Running average train loss is 1.4371723888096986 at epoch 0
INFO - 10/03/22 23:51:23 - 0:00:11 - At 1-th epoch with lr 0.001000.
INFO - 10/03/22 23:51:31 - 0:00:19 - Running average train loss is 0.7633685529232025 at epoch 1
INFO - 10/03/22 23:51:31 - 0:00:19 - Average dev loss is 0.28127398203920434 at epoch 1
INFO - 10/03/22 23:51:33 - 0:00:21 - dev accuracy is 38.4615 at epoch 1
INFO - 10/03/22 23:51:33 - 0:00:21 - dev phenome error rate is 0.1495 at epoch 1
INFO - 10/03/22 23:51:33 - 0:00:21 - At 2-th epoch with lr 0.001000.
INFO - 10/03/22 23:51:41 - 0:00:29 - Running average train loss is 0.616702515438751 at epoch 2
INFO - 10/03/22 23:51:41 - 0:00:29 - Average dev loss is 0.19188804731324868 at epoch 2
INFO - 10/03/22 23:51:43 - 0:00:31 - dev accuracy is 51.737 at epoch 2
INFO - 10/03/22 23:51:43 - 0:00:31 - dev phenome error rate is 0.1422 at epoch 2
INFO - 10/03/22 23:51:43 - 0:00:32 - At 3-th epoch with lr 0.001000.
INFO - 10/03/22 23:51:51 - 0:00:40 - Running average train loss is 0.529952954776861 at epoch 3
INFO - 10/03/22 23:51:52 - 0:00:40 - Average dev loss is 0.16856095753610134 at epoch 3
INFO - 10/03/22 23:51:53 - 0:00:41 - dev accuracy is 58.5608 at epoch 3
INFO - 10/03/22 23:51:53 - 0:00:41 - dev phenome error rate is 0.0922 at epoch 3
INFO - 10/03/22 23:51:53 - 0:00:41 - At 4-th epoch with lr 0.001000.
INFO - 10/03/22 23:52:01 - 0:00:49 - Running average train loss is 0.47979896656341026 at epoch 4
INFO - 10/03/22 23:52:01 - 0:00:50 - Average dev loss is 0.15870951826649685 at epoch 4
INFO - 10/03/22 23:52:03 - 0:00:51 - dev accuracy is 58.1886 at epoch 4
INFO - 10/03/22 23:52:03 - 0:00:51 - dev phenome error rate is 0.0972 at epoch 4
INFO - 10/03/22 23:52:03 - 0:00:51 - At 5-th epoch with lr 0.001000.
INFO - 10/03/22 23:52:11 - 0:00:59 - Running average train loss is 0.4418436790506045 at epoch 5
INFO - 10/03/22 23:52:11 - 0:01:00 - Average dev loss is 0.14757700630084233 at epoch 5
INFO - 10/03/22 23:52:13 - 0:01:02 - dev accuracy is 60.67 at epoch 5
INFO - 10/03/22 23:52:13 - 0:01:02 - dev phenome error rate is 0.1011 at epoch 5
INFO - 10/03/22 23:52:13 - 0:01:02 - At 6-th epoch with lr 0.001000.
INFO - 10/03/22 23:52:21 - 0:01:10 - Running average train loss is 0.41620668942729633 at epoch 6
INFO - 10/03/22 23:52:22 - 0:01:10 - Average dev loss is 0.14007659366837255 at epoch 6
INFO - 10/03/22 23:52:23 - 0:01:11 - dev accuracy is 63.1514 at epoch 6
INFO - 10/03/22 23:52:23 - 0:01:11 - dev phenome error rate is 0.0786 at epoch 6
INFO - 10/03/22 23:52:23 - 0:01:11 - At 7-th epoch with lr 0.001000.
INFO - 10/03/22 23:52:31 - 0:01:19 - Running average train loss is 0.3957648871121583 at epoch 7
INFO - 10/03/22 23:52:31 - 0:01:20 - Average dev loss is 0.14217806579890074 at epoch 7
INFO - 10/03/22 23:52:33 - 0:01:21 - dev accuracy is 61.2903 at epoch 7
INFO - 10/03/22 23:52:33 - 0:01:21 - dev phenome error rate is 0.0821 at epoch 7
INFO - 10/03/22 23:52:33 - 0:01:21 - At 8-th epoch with lr 0.000500.
INFO - 10/03/22 23:52:41 - 0:01:29 - Running average train loss is 0.33834919133396063 at epoch 8
INFO - 10/03/22 23:52:41 - 0:01:29 - Average dev loss is 0.11195490626549279 at epoch 8
INFO - 10/03/22 23:52:43 - 0:01:31 - dev accuracy is 68.2382 at epoch 8
INFO - 10/03/22 23:52:43 - 0:01:31 - dev phenome error rate is 0.0675 at epoch 8
INFO - 10/03/22 23:52:43 - 0:01:31 - At 9-th epoch with lr 0.000500.
INFO - 10/03/22 23:52:51 - 0:01:39 - Running average train loss is 0.31976470836886656 at epoch 9
INFO - 10/03/22 23:52:51 - 0:01:39 - Average dev loss is 0.10870415455213299 at epoch 9
INFO - 10/03/22 23:52:53 - 0:01:41 - dev accuracy is 69.4789 at epoch 9
INFO - 10/03/22 23:52:53 - 0:01:41 - dev phenome error rate is 0.0691 at epoch 9
INFO - 10/03/22 23:52:53 - 0:01:41 - At 10-th epoch with lr 0.000500.
INFO - 10/03/22 23:53:01 - 0:01:49 - Running average train loss is 0.30212055952460676 at epoch 10
INFO - 10/03/22 23:53:01 - 0:01:49 - Average dev loss is 0.09721067051092784 at epoch 10
INFO - 10/03/22 23:53:03 - 0:01:51 - dev accuracy is 71.5881 at epoch 10
INFO - 10/03/22 23:53:03 - 0:01:51 - dev phenome error rate is 0.0595 at epoch 10
INFO - 10/03/22 23:53:03 - 0:01:51 - At 11-th epoch with lr 0.000500.
INFO - 10/03/22 23:53:11 - 0:01:59 - Running average train loss is 0.29691095495665515 at epoch 11
INFO - 10/03/22 23:53:11 - 0:01:59 - Average dev loss is 0.08899944130745199 at epoch 11
INFO - 10/03/22 23:53:12 - 0:02:01 - dev accuracy is 73.5732 at epoch 11
INFO - 10/03/22 23:53:12 - 0:02:01 - dev phenome error rate is 0.0563 at epoch 11
INFO - 10/03/22 23:53:12 - 0:02:01 - At 12-th epoch with lr 0.000500.
INFO - 10/03/22 23:53:20 - 0:02:09 - Running average train loss is 0.29391464108118304 at epoch 12
INFO - 10/03/22 23:53:21 - 0:02:09 - Average dev loss is 0.09053291069964568 at epoch 12
INFO - 10/03/22 23:53:22 - 0:02:10 - dev accuracy is 72.8288 at epoch 12
INFO - 10/03/22 23:53:22 - 0:02:10 - dev phenome error rate is 0.051 at epoch 12
INFO - 10/03/22 23:53:22 - 0:02:10 - At 13-th epoch with lr 0.000250.
INFO - 10/03/22 23:53:30 - 0:02:18 - Running average train loss is 0.2724985469960504 at epoch 13
INFO - 10/03/22 23:53:30 - 0:02:19 - Average dev loss is 0.079405107224981 at epoch 13
INFO - 10/03/22 23:53:32 - 0:02:20 - dev accuracy is 75.8065 at epoch 13
INFO - 10/03/22 23:53:32 - 0:02:20 - dev phenome error rate is 0.0503 at epoch 13
INFO - 10/03/22 23:53:32 - 0:02:20 - At 14-th epoch with lr 0.000250.
INFO - 10/03/22 23:53:40 - 0:02:28 - Running average train loss is 0.25795853528435586 at epoch 14
INFO - 10/03/22 23:53:40 - 0:02:28 - Average dev loss is 0.07647212737895272 at epoch 14
INFO - 10/03/22 23:53:42 - 0:02:30 - dev accuracy is 77.1712 at epoch 14
INFO - 10/03/22 23:53:42 - 0:02:30 - dev phenome error rate is 0.0478 at epoch 14
INFO - 10/03/22 23:53:42 - 0:02:30 - At 15-th epoch with lr 0.000250.
INFO - 10/03/22 23:53:50 - 0:02:38 - Running average train loss is 0.25728759778042637 at epoch 15
INFO - 10/03/22 23:53:50 - 0:02:38 - Average dev loss is 0.0783396604022494 at epoch 15
INFO - 10/03/22 23:53:52 - 0:02:40 - dev accuracy is 76.4268 at epoch 15
INFO - 10/03/22 23:53:52 - 0:02:40 - dev phenome error rate is 0.047 at epoch 15
INFO - 10/03/22 23:53:52 - 0:02:40 - At 16-th epoch with lr 0.000125.
INFO - 10/03/22 23:54:00 - 0:02:48 - Running average train loss is 0.2407934262520737 at epoch 16
INFO - 10/03/22 23:54:00 - 0:02:48 - Average dev loss is 0.0742400720094641 at epoch 16
INFO - 10/03/22 23:54:01 - 0:02:50 - dev accuracy is 77.2953 at epoch 16
INFO - 10/03/22 23:54:01 - 0:02:50 - dev phenome error rate is 0.0494 at epoch 16
INFO - 10/03/22 23:54:01 - 0:02:50 - At 17-th epoch with lr 0.000125.
INFO - 10/03/22 23:54:09 - 0:02:58 - Running average train loss is 0.237797804273389 at epoch 17
INFO - 10/03/22 23:54:10 - 0:02:58 - Average dev loss is 0.0719813020830905 at epoch 17
INFO - 10/03/22 23:54:11 - 0:02:59 - dev accuracy is 78.1638 at epoch 17
INFO - 10/03/22 23:54:11 - 0:02:59 - dev phenome error rate is 0.0452 at epoch 17
INFO - 10/03/22 23:54:11 - 0:02:59 - At 18-th epoch with lr 0.000125.
INFO - 10/03/22 23:54:19 - 0:03:07 - Running average train loss is 0.2343040140690627 at epoch 18
INFO - 10/03/22 23:54:19 - 0:03:08 - Average dev loss is 0.07153460954281467 at epoch 18
INFO - 10/03/22 23:54:21 - 0:03:09 - dev accuracy is 77.5434 at epoch 18
INFO - 10/03/22 23:54:21 - 0:03:09 - dev phenome error rate is 0.0496 at epoch 18
INFO - 10/03/22 23:54:21 - 0:03:09 - At 19-th epoch with lr 0.000125.
INFO - 10/03/22 23:54:29 - 0:03:17 - Running average train loss is 0.23248478746110643 at epoch 19
INFO - 10/03/22 23:54:29 - 0:03:18 - Average dev loss is 0.07109775459738793 at epoch 19
INFO - 10/03/22 23:54:31 - 0:03:19 - dev accuracy is 77.4194 at epoch 19
INFO - 10/03/22 23:54:31 - 0:03:19 - dev phenome error rate is 0.0464 at epoch 19
INFO - 10/03/22 23:54:31 - 0:03:19 - At 20-th epoch with lr 0.000125.
INFO - 10/03/22 23:54:39 - 0:03:27 - Running average train loss is 0.23176107572184668 at epoch 20
INFO - 10/03/22 23:54:39 - 0:03:27 - Average dev loss is 0.06978698821600389 at epoch 20
INFO - 10/03/22 23:54:41 - 0:03:29 - dev accuracy is 78.7841 at epoch 20
INFO - 10/03/22 23:54:41 - 0:03:29 - dev phenome error rate is 0.0459 at epoch 20
INFO - 10/03/22 23:54:41 - 0:03:29 - At 21-th epoch with lr 0.000125.
INFO - 10/03/22 23:54:49 - 0:03:37 - Running average train loss is 0.22652485483774432 at epoch 21
INFO - 10/03/22 23:54:49 - 0:03:37 - Average dev loss is 0.06906417810737535 at epoch 21
INFO - 10/03/22 23:54:51 - 0:03:39 - dev accuracy is 78.536 at epoch 21
INFO - 10/03/22 23:54:51 - 0:03:39 - dev phenome error rate is 0.0465 at epoch 21
INFO - 10/03/22 23:54:51 - 0:03:39 - At 22-th epoch with lr 0.000125.
INFO - 10/03/22 23:54:59 - 0:03:47 - Running average train loss is 0.2275131425647824 at epoch 22
INFO - 10/03/22 23:54:59 - 0:03:47 - Average dev loss is 0.0689878682260988 at epoch 22
INFO - 10/03/22 23:55:00 - 0:03:49 - dev accuracy is 77.9156 at epoch 22
INFO - 10/03/22 23:55:00 - 0:03:49 - dev phenome error rate is 0.0442 at epoch 22
INFO - 10/03/22 23:55:01 - 0:03:49 - At 23-th epoch with lr 0.000125.
INFO - 10/03/22 23:55:09 - 0:03:57 - Running average train loss is 0.2242997899927475 at epoch 23
INFO - 10/03/22 23:55:09 - 0:03:57 - Average dev loss is 0.06796413532423752 at epoch 23
INFO - 10/03/22 23:55:10 - 0:03:58 - dev accuracy is 77.7916 at epoch 23
INFO - 10/03/22 23:55:10 - 0:03:58 - dev phenome error rate is 0.0459 at epoch 23
INFO - 10/03/22 23:55:10 - 0:03:58 - At 24-th epoch with lr 0.000125.
INFO - 10/03/22 23:55:18 - 0:04:06 - Running average train loss is 0.22225543450978066 at epoch 24
INFO - 10/03/22 23:55:19 - 0:04:07 - Average dev loss is 0.0653894125070009 at epoch 24
INFO - 10/03/22 23:55:20 - 0:04:08 - dev accuracy is 80.1489 at epoch 24
INFO - 10/03/22 23:55:20 - 0:04:08 - dev phenome error rate is 0.0423 at epoch 24
INFO - 10/03/22 23:55:20 - 0:04:08 - At 25-th epoch with lr 0.000125.
INFO - 10/03/22 23:55:28 - 0:04:16 - Running average train loss is 0.21670766419006718 at epoch 25
INFO - 10/03/22 23:55:28 - 0:04:16 - Average dev loss is 0.06425551785570052 at epoch 25
INFO - 10/03/22 23:55:30 - 0:04:18 - dev accuracy is 79.9007 at epoch 25
INFO - 10/03/22 23:55:30 - 0:04:18 - dev phenome error rate is 0.0425 at epoch 25
INFO - 10/03/22 23:55:30 - 0:04:18 - At 26-th epoch with lr 0.000125.
INFO - 10/03/22 23:55:38 - 0:04:26 - Running average train loss is 0.22006408590823412 at epoch 26
INFO - 10/03/22 23:55:38 - 0:04:26 - Average dev loss is 0.06634523886842308 at epoch 26
INFO - 10/03/22 23:55:40 - 0:04:28 - dev accuracy is 79.2804 at epoch 26
INFO - 10/03/22 23:55:40 - 0:04:28 - dev phenome error rate is 0.0428 at epoch 26
INFO - 10/03/22 23:55:40 - 0:04:28 - At 27-th epoch with lr 0.000063.
INFO - 10/03/22 23:55:48 - 0:04:36 - Running average train loss is 0.21472649116207052 at epoch 27
INFO - 10/03/22 23:55:48 - 0:04:36 - Average dev loss is 0.06317680085905725 at epoch 27
INFO - 10/03/22 23:55:49 - 0:04:38 - dev accuracy is 81.0174 at epoch 27
INFO - 10/03/22 23:55:49 - 0:04:38 - dev phenome error rate is 0.04 at epoch 27
INFO - 10/03/22 23:55:49 - 0:04:38 - At 28-th epoch with lr 0.000063.
INFO - 10/03/22 23:55:57 - 0:04:46 - Running average train loss is 0.20974439928929012 at epoch 28
INFO - 10/03/22 23:55:58 - 0:04:46 - Average dev loss is 0.06488691089260909 at epoch 28
INFO - 10/03/22 23:55:59 - 0:04:47 - dev accuracy is 80.1489 at epoch 28
INFO - 10/03/22 23:55:59 - 0:04:47 - dev phenome error rate is 0.042 at epoch 28
INFO - 10/03/22 23:55:59 - 0:04:47 - At 29-th epoch with lr 0.000031.
INFO - 10/03/22 23:56:07 - 0:04:55 - Running average train loss is 0.20972369823742795 at epoch 29
INFO - 10/03/22 23:56:07 - 0:04:56 - Average dev loss is 0.06344234581208891 at epoch 29
INFO - 10/03/22 23:56:09 - 0:04:57 - dev accuracy is 80.397 at epoch 29
INFO - 10/03/22 23:56:09 - 0:04:57 - dev phenome error rate is 0.0418 at epoch 29
INFO - 10/03/22 23:56:09 - 0:04:57 - At 30-th epoch with lr 0.000016.
INFO - 10/03/22 23:56:17 - 0:05:05 - Running average train loss is 0.2068311430858793 at epoch 30
INFO - 10/03/22 23:56:17 - 0:05:05 - Average dev loss is 0.06374802071325204 at epoch 30
INFO - 10/03/22 23:56:19 - 0:05:07 - dev accuracy is 80.5211 at epoch 30
INFO - 10/03/22 23:56:19 - 0:05:07 - dev phenome error rate is 0.0408 at epoch 30
INFO - 10/03/22 23:56:19 - 0:05:07 - At 31-th epoch with lr 0.000010.
INFO - 10/03/22 23:56:27 - 0:05:15 - Running average train loss is 0.20728091687239983 at epoch 31
INFO - 10/03/22 23:56:27 - 0:05:15 - Average dev loss is 0.06349193008133659 at epoch 31
INFO - 10/03/22 23:56:29 - 0:05:17 - dev accuracy is 80.5211 at epoch 31
INFO - 10/03/22 23:56:29 - 0:05:17 - dev phenome error rate is 0.0411 at epoch 31
INFO - 10/03/22 23:56:29 - 0:05:17 - At 32-th epoch with lr 0.000010.
INFO - 10/03/22 23:56:37 - 0:05:25 - Running average train loss is 0.20565960880506923 at epoch 32
INFO - 10/03/22 23:56:37 - 0:05:25 - Average dev loss is 0.0637010773298917 at epoch 32
INFO - 10/03/22 23:56:38 - 0:05:27 - dev accuracy is 80.6452 at epoch 32
INFO - 10/03/22 23:56:38 - 0:05:27 - dev phenome error rate is 0.0406 at epoch 32
INFO - 10/03/22 23:56:38 - 0:05:27 - Early stopping triggered with epoch 32 (previous dev loss: 0.063492, current: 0.063701)
INFO - 10/03/22 23:56:38 - 0:05:27 - loading model/g2p/large/transformer/swati.nll_0.0632.acc_81.0174.per_0.04.epoch_27 for testing
INFO - 10/03/22 23:56:38 - 0:05:27 - load model in model/g2p/large/transformer/swati.nll_0.0632.acc_81.0174.per_0.04.epoch_27
INFO - 10/03/22 23:56:39 - 0:05:27 - Average dev loss is 0.06317680085905725 at epoch -1
INFO - 10/03/22 23:56:39 - 0:05:27 - decoding dev set
INFO - 10/03/22 23:56:41 - 0:05:29 - finished decoding 1079 dev instance
INFO - 10/03/22 23:56:41 - 0:05:29 - DEV accuracy is 81.0174 at epoch -1
INFO - 10/03/22 23:56:41 - 0:05:29 - DEV phenome error rate is 0.04 at epoch -1
INFO - 10/03/22 23:56:41 - 0:05:29 - DEV swati acc 81.0174 per 0.04
INFO - 10/03/22 23:56:42 - 0:05:30 - Average test loss is 0.29343708356221515 at epoch -1
INFO - 10/03/22 23:56:42 - 0:05:30 - decoding test set
INFO - 10/03/22 23:56:50 - 0:05:38 - finished decoding 5639 test instance
INFO - 10/03/22 23:56:50 - 0:05:38 - TEST accuracy is 59.7222 at epoch -1
INFO - 10/03/22 23:56:50 - 0:05:38 - TEST phenome error rate is 0.0832 at epoch -1
INFO - 10/03/22 23:56:50 - 0:05:38 - TEST swati acc 59.7222 per 0.0832
