INFO - 10/03/22 23:56:51 - 0:00:00 - command line argument: seed - 0
INFO - 10/03/22 23:56:51 - 0:00:00 - command line argument: train - ['data/xhosa/xhosa.train']
INFO - 10/03/22 23:56:51 - 0:00:00 - command line argument: dev - ['data/xhosa/xhosa.dev']
INFO - 10/03/22 23:56:51 - 0:00:00 - command line argument: test - ['data/xhosa/xhosa.test']
INFO - 10/03/22 23:56:51 - 0:00:00 - command line argument: model - 'model/g2p/large/transformer/xhosa'
INFO - 10/03/22 23:56:51 - 0:00:00 - command line argument: load - ''
INFO - 10/03/22 23:56:51 - 0:00:00 - command line argument: bs - 20
INFO - 10/03/22 23:56:51 - 0:00:00 - command line argument: epochs - 50
INFO - 10/03/22 23:56:51 - 0:00:00 - command line argument: max_steps - 0
INFO - 10/03/22 23:56:51 - 0:00:00 - command line argument: warmup_steps - 4000
INFO - 10/03/22 23:56:51 - 0:00:00 - command line argument: total_eval - -1
INFO - 10/03/22 23:56:51 - 0:00:00 - command line argument: optimizer - <Optimizer.adam: 'adam'>
INFO - 10/03/22 23:56:51 - 0:00:00 - command line argument: scheduler - <Scheduler.reducewhenstuck: 'reducewhenstuck'>
INFO - 10/03/22 23:56:51 - 0:00:00 - command line argument: lr - 0.001
INFO - 10/03/22 23:56:51 - 0:00:00 - command line argument: min_lr - 1e-05
INFO - 10/03/22 23:56:51 - 0:00:00 - command line argument: momentum - 0.9
INFO - 10/03/22 23:56:51 - 0:00:00 - command line argument: beta1 - 0.9
INFO - 10/03/22 23:56:51 - 0:00:00 - command line argument: beta2 - 0.999
INFO - 10/03/22 23:56:51 - 0:00:00 - command line argument: estop - 1e-08
INFO - 10/03/22 23:56:51 - 0:00:00 - command line argument: cooldown - 0
INFO - 10/03/22 23:56:51 - 0:00:00 - command line argument: patience - 0
INFO - 10/03/22 23:56:51 - 0:00:00 - command line argument: discount_factor - 0.5
INFO - 10/03/22 23:56:51 - 0:00:00 - command line argument: max_norm - 5.0
INFO - 10/03/22 23:56:51 - 0:00:00 - command line argument: gpuid - [0]
INFO - 10/03/22 23:56:51 - 0:00:00 - command line argument: loglevel - 'info'
INFO - 10/03/22 23:56:51 - 0:00:00 - command line argument: saveall - False
INFO - 10/03/22 23:56:51 - 0:00:00 - command line argument: shuffle - False
INFO - 10/03/22 23:56:51 - 0:00:00 - command line argument: cleanup_anyway - False
INFO - 10/03/22 23:56:51 - 0:00:00 - command line argument: dataset - <Data.g2p: 'g2p'>
INFO - 10/03/22 23:56:51 - 0:00:00 - command line argument: max_seq_len - 128
INFO - 10/03/22 23:56:51 - 0:00:00 - command line argument: max_decode_len - 128
INFO - 10/03/22 23:56:51 - 0:00:00 - command line argument: decode_beam_size - 5
INFO - 10/03/22 23:56:51 - 0:00:00 - command line argument: init - 'init/g2p/large/seed-0/xhosa'
INFO - 10/03/22 23:56:51 - 0:00:00 - command line argument: dropout - 0.4
INFO - 10/03/22 23:56:51 - 0:00:00 - command line argument: embed_dim - 200
INFO - 10/03/22 23:56:51 - 0:00:00 - command line argument: nb_heads - 4
INFO - 10/03/22 23:56:51 - 0:00:00 - command line argument: src_layer - 2
INFO - 10/03/22 23:56:51 - 0:00:00 - command line argument: trg_layer - 1
INFO - 10/03/22 23:56:51 - 0:00:00 - command line argument: src_hs - 400
INFO - 10/03/22 23:56:51 - 0:00:00 - command line argument: trg_hs - 400
INFO - 10/03/22 23:56:51 - 0:00:00 - command line argument: label_smooth - 0.0
INFO - 10/03/22 23:56:51 - 0:00:00 - command line argument: tie_trg_embed - False
INFO - 10/03/22 23:56:51 - 0:00:00 - command line argument: arch - <Arch.transformer: 'transformer'>
INFO - 10/03/22 23:56:51 - 0:00:00 - command line argument: nb_sample - 4
INFO - 10/03/22 23:56:51 - 0:00:00 - command line argument: wid_siz - 11
INFO - 10/03/22 23:56:51 - 0:00:00 - command line argument: indtag - False
INFO - 10/03/22 23:56:51 - 0:00:00 - command line argument: decode - <Decode.greedy: 'greedy'>
INFO - 10/03/22 23:56:51 - 0:00:00 - command line argument: mono - False
INFO - 10/03/22 23:56:51 - 0:00:00 - command line argument: bestacc - False
INFO - 10/03/22 23:56:51 - 0:00:00 - src vocab size 69
INFO - 10/03/22 23:56:51 - 0:00:00 - trg vocab size 66
INFO - 10/03/22 23:56:51 - 0:00:00 - src vocab ['<PAD>', '<BOS>', '<EOS>', '<UNK>', '%', ',', '.', '0', '1', '2', '3', '4', '5', '6', '7', '8', '9', 'A', 'B', 'C', 'D', 'E', 'F', 'G', 'H', 'I', 'J', 'K', 'L', 'M', 'N', 'O', 'P', 'Q', 'R', 'S', 'T', 'U', 'V', 'W', 'X', 'Y', 'Z', 'a', 'b', 'c', 'd', 'e', 'f', 'g', 'h', 'i', 'j', 'k', 'l', 'm', 'n', 'o', 'p', 'q', 'r', 's', 't', 'u', 'v', 'w', 'x', 'y', 'z']
INFO - 10/03/22 23:56:51 - 0:00:00 - trg vocab ['<PAD>', '<BOS>', '<EOS>', '<UNK>', '%', ',', '-', '.', '0', '1', '2', '3', '4', '5', '6', '7', '8', '9', 'A', 'B', 'C', 'D', 'E', 'F', 'G', 'I', 'J', 'K', 'L', 'M', 'N', 'O', 'P', 'R', 'S', 'T', 'V', 'X', 'Y', 'Z', 'a', 'b', 'c', 'd', 'e', 'f', 'g', 'h', 'i', 'j', 'k', 'l', 'm', 'n', 'o', 'p', 'q', 'r', 's', 't', 'u', 'v', 'w', 'x', 'y', 'z']
INFO - 10/03/22 23:56:51 - 0:00:00 - model: Transformer(
                                       (src_embed): Embedding(69, 200, padding_idx=0)
                                       (trg_embed): Embedding(66, 200, padding_idx=0)
                                       (position_embed): SinusoidalPositionalEmbedding()
                                       (encoder): TransformerEncoder(
                                         (layers): ModuleList(
                                           (0): TransformerEncoderLayer(
                                             (self_attn): MultiheadAttention(
                                               (out_proj): NonDynamicallyQuantizableLinear(in_features=200, out_features=200, bias=True)
                                             )
                                             (linear1): Linear(in_features=200, out_features=400, bias=True)
                                             (dropout): Dropout(p=0.4, inplace=False)
                                             (linear2): Linear(in_features=400, out_features=200, bias=True)
                                             (norm1): LayerNorm((200,), eps=1e-05, elementwise_affine=True)
                                             (norm2): LayerNorm((200,), eps=1e-05, elementwise_affine=True)
                                             (activation_dropout): Dropout(p=0.4, inplace=False)
                                           )
                                           (1): TransformerEncoderLayer(
                                             (self_attn): MultiheadAttention(
                                               (out_proj): NonDynamicallyQuantizableLinear(in_features=200, out_features=200, bias=True)
                                             )
                                             (linear1): Linear(in_features=200, out_features=400, bias=True)
                                             (dropout): Dropout(p=0.4, inplace=False)
                                             (linear2): Linear(in_features=400, out_features=200, bias=True)
                                             (norm1): LayerNorm((200,), eps=1e-05, elementwise_affine=True)
                                             (norm2): LayerNorm((200,), eps=1e-05, elementwise_affine=True)
                                             (activation_dropout): Dropout(p=0.4, inplace=False)
                                           )
                                         )
                                         (norm): LayerNorm((200,), eps=1e-05, elementwise_affine=True)
                                       )
                                       (decoder): TransformerDecoder(
                                         (layers): ModuleList(
                                           (0): TransformerDecoderLayer(
                                             (self_attn): MultiheadAttention(
                                               (out_proj): NonDynamicallyQuantizableLinear(in_features=200, out_features=200, bias=True)
                                             )
                                             (multihead_attn): MultiheadAttention(
                                               (out_proj): NonDynamicallyQuantizableLinear(in_features=200, out_features=200, bias=True)
                                             )
                                             (linear1): Linear(in_features=200, out_features=400, bias=True)
                                             (dropout): Dropout(p=0.4, inplace=False)
                                             (linear2): Linear(in_features=400, out_features=200, bias=True)
                                             (norm1): LayerNorm((200,), eps=1e-05, elementwise_affine=True)
                                             (norm2): LayerNorm((200,), eps=1e-05, elementwise_affine=True)
                                             (norm3): LayerNorm((200,), eps=1e-05, elementwise_affine=True)
                                             (activation_dropout): Dropout(p=0.4, inplace=False)
                                           )
                                         )
                                         (norm): LayerNorm((200,), eps=1e-05, elementwise_affine=True)
                                       )
                                       (final_out): Linear(in_features=200, out_features=66, bias=True)
                                       (dropout): Dropout(p=0.4, inplace=False)
                                     )
INFO - 10/03/22 23:56:51 - 0:00:00 - number of parameter 1168866
INFO - 10/03/22 23:56:53 - 0:00:02 - dump to init/g2p/large/seed-0/xhosa
INFO - 10/03/22 23:56:53 - 0:00:02 - maximum training 42200 steps (50 epochs)
INFO - 10/03/22 23:56:53 - 0:00:02 - evaluate every 1 epochs
INFO - 10/03/22 23:56:53 - 0:00:02 - At 0-th epoch with lr 0.001000.
INFO - 10/03/22 23:57:06 - 0:00:15 - Running average train loss is 1.359639539114107 at epoch 0
INFO - 10/03/22 23:57:06 - 0:00:15 - At 1-th epoch with lr 0.001000.
INFO - 10/03/22 23:57:19 - 0:00:28 - Running average train loss is 0.8738517534535079 at epoch 1
INFO - 10/03/22 23:57:19 - 0:00:28 - Average dev loss is 0.42424892116995416 at epoch 1
INFO - 10/03/22 23:57:22 - 0:00:31 - dev accuracy is 23.9562 at epoch 1
INFO - 10/03/22 23:57:22 - 0:00:31 - dev phenome error rate is 0.1804 at epoch 1
INFO - 10/03/22 23:57:22 - 0:00:31 - At 2-th epoch with lr 0.001000.
INFO - 10/03/22 23:57:35 - 0:00:44 - Running average train loss is 0.7286892537539604 at epoch 2
INFO - 10/03/22 23:57:35 - 0:00:44 - Average dev loss is 0.3554353810408536 at epoch 2
INFO - 10/03/22 23:57:38 - 0:00:47 - dev accuracy is 28.8159 at epoch 2
INFO - 10/03/22 23:57:38 - 0:00:47 - dev phenome error rate is 0.1562 at epoch 2
INFO - 10/03/22 23:57:38 - 0:00:47 - At 3-th epoch with lr 0.001000.
INFO - 10/03/22 23:57:51 - 0:01:00 - Running average train loss is 0.6553278830590972 at epoch 3
INFO - 10/03/22 23:57:51 - 0:01:00 - Average dev loss is 0.3263160419814727 at epoch 3
INFO - 10/03/22 23:57:54 - 0:01:03 - dev accuracy is 32.0329 at epoch 3
INFO - 10/03/22 23:57:54 - 0:01:03 - dev phenome error rate is 0.1571 at epoch 3
INFO - 10/03/22 23:57:54 - 0:01:03 - At 4-th epoch with lr 0.001000.
INFO - 10/03/22 23:58:07 - 0:01:16 - Running average train loss is 0.6076754208000915 at epoch 4
INFO - 10/03/22 23:58:07 - 0:01:16 - Average dev loss is 0.2952172053210876 at epoch 4
INFO - 10/03/22 23:58:10 - 0:01:19 - dev accuracy is 35.1814 at epoch 4
INFO - 10/03/22 23:58:10 - 0:01:19 - dev phenome error rate is 0.148 at epoch 4
INFO - 10/03/22 23:58:10 - 0:01:19 - At 5-th epoch with lr 0.001000.
INFO - 10/03/22 23:58:22 - 0:01:32 - Running average train loss is 0.5775319831489951 at epoch 5
INFO - 10/03/22 23:58:23 - 0:01:32 - Average dev loss is 0.29207613047431497 at epoch 5
INFO - 10/03/22 23:58:26 - 0:01:35 - dev accuracy is 36.2081 at epoch 5
INFO - 10/03/22 23:58:26 - 0:01:35 - dev phenome error rate is 0.141 at epoch 5
INFO - 10/03/22 23:58:26 - 0:01:35 - At 6-th epoch with lr 0.001000.
INFO - 10/03/22 23:58:38 - 0:01:47 - Running average train loss is 0.5566575901485732 at epoch 6
INFO - 10/03/22 23:58:38 - 0:01:48 - Average dev loss is 0.2651335032547221 at epoch 6
INFO - 10/03/22 23:58:42 - 0:01:51 - dev accuracy is 40.0411 at epoch 6
INFO - 10/03/22 23:58:42 - 0:01:51 - dev phenome error rate is 0.1439 at epoch 6
INFO - 10/03/22 23:58:42 - 0:01:51 - At 7-th epoch with lr 0.001000.
INFO - 10/03/22 23:58:54 - 0:02:04 - Running average train loss is 0.53263797123709 at epoch 7
INFO - 10/03/22 23:58:55 - 0:02:04 - Average dev loss is 0.26377588343970915 at epoch 7
INFO - 10/03/22 23:58:58 - 0:02:07 - dev accuracy is 39.9042 at epoch 7
INFO - 10/03/22 23:58:58 - 0:02:07 - dev phenome error rate is 0.1396 at epoch 7
INFO - 10/03/22 23:58:58 - 0:02:07 - At 8-th epoch with lr 0.001000.
INFO - 10/03/22 23:59:10 - 0:02:20 - Running average train loss is 0.51663020954101 at epoch 8
INFO - 10/03/22 23:59:11 - 0:02:20 - Average dev loss is 0.2503796808859881 at epoch 8
INFO - 10/03/22 23:59:14 - 0:02:23 - dev accuracy is 42.2313 at epoch 8
INFO - 10/03/22 23:59:14 - 0:02:23 - dev phenome error rate is 0.1293 at epoch 8
INFO - 10/03/22 23:59:14 - 0:02:23 - At 9-th epoch with lr 0.001000.
INFO - 10/03/22 23:59:26 - 0:02:36 - Running average train loss is 0.5043825073370719 at epoch 9
INFO - 10/03/22 23:59:27 - 0:02:36 - Average dev loss is 0.2512031053795534 at epoch 9
INFO - 10/03/22 23:59:30 - 0:02:39 - dev accuracy is 42.2998 at epoch 9
INFO - 10/03/22 23:59:30 - 0:02:39 - dev phenome error rate is 0.1325 at epoch 9
INFO - 10/03/22 23:59:30 - 0:02:39 - At 10-th epoch with lr 0.000500.
INFO - 10/03/22 23:59:43 - 0:02:52 - Running average train loss is 0.4552175666413036 at epoch 10
INFO - 10/03/22 23:59:43 - 0:02:52 - Average dev loss is 0.22451462132089278 at epoch 10
INFO - 10/03/22 23:59:46 - 0:02:55 - dev accuracy is 46.2697 at epoch 10
INFO - 10/03/22 23:59:46 - 0:02:55 - dev phenome error rate is 0.1192 at epoch 10
INFO - 10/03/22 23:59:46 - 0:02:55 - At 11-th epoch with lr 0.000500.
INFO - 10/03/22 23:59:59 - 0:03:09 - Running average train loss is 0.4409873732740845 at epoch 11
INFO - 10/04/22 00:00:00 - 0:03:09 - Average dev loss is 0.21730800959117272 at epoch 11
INFO - 10/04/22 00:00:03 - 0:03:12 - dev accuracy is 48.8022 at epoch 11
INFO - 10/04/22 00:00:03 - 0:03:12 - dev phenome error rate is 0.1175 at epoch 11
INFO - 10/04/22 00:00:03 - 0:03:12 - At 12-th epoch with lr 0.000500.
INFO - 10/04/22 00:00:15 - 0:03:25 - Running average train loss is 0.4320597191522189 at epoch 12
INFO - 10/04/22 00:00:16 - 0:03:25 - Average dev loss is 0.21166620385997437 at epoch 12
INFO - 10/04/22 00:00:19 - 0:03:28 - dev accuracy is 47.091 at epoch 12
INFO - 10/04/22 00:00:19 - 0:03:28 - dev phenome error rate is 0.1239 at epoch 12
INFO - 10/04/22 00:00:19 - 0:03:28 - At 13-th epoch with lr 0.000500.
INFO - 10/04/22 00:00:31 - 0:03:41 - Running average train loss is 0.42356529937818715 at epoch 13
INFO - 10/04/22 00:00:32 - 0:03:41 - Average dev loss is 0.20714299376396572 at epoch 13
INFO - 10/04/22 00:00:35 - 0:03:44 - dev accuracy is 49.7604 at epoch 13
INFO - 10/04/22 00:00:35 - 0:03:44 - dev phenome error rate is 0.1121 at epoch 13
INFO - 10/04/22 00:00:35 - 0:03:44 - At 14-th epoch with lr 0.000500.
INFO - 10/04/22 00:00:47 - 0:03:57 - Running average train loss is 0.4138104528612435 at epoch 14
INFO - 10/04/22 00:00:48 - 0:03:57 - Average dev loss is 0.1998160765013274 at epoch 14
INFO - 10/04/22 00:00:51 - 0:04:00 - dev accuracy is 50.1711 at epoch 14
INFO - 10/04/22 00:00:51 - 0:04:00 - dev phenome error rate is 0.1177 at epoch 14
INFO - 10/04/22 00:00:51 - 0:04:00 - At 15-th epoch with lr 0.000500.
INFO - 10/04/22 00:01:03 - 0:04:13 - Running average train loss is 0.40917555209231604 at epoch 15
INFO - 10/04/22 00:01:04 - 0:04:13 - Average dev loss is 0.19963059762821478 at epoch 15
INFO - 10/04/22 00:01:07 - 0:04:16 - dev accuracy is 50.7187 at epoch 15
INFO - 10/04/22 00:01:07 - 0:04:16 - dev phenome error rate is 0.1253 at epoch 15
INFO - 10/04/22 00:01:07 - 0:04:17 - At 16-th epoch with lr 0.000500.
INFO - 10/04/22 00:01:20 - 0:04:29 - Running average train loss is 0.40429702867263867 at epoch 16
INFO - 10/04/22 00:01:20 - 0:04:29 - Average dev loss is 0.19661937022910397 at epoch 16
INFO - 10/04/22 00:01:23 - 0:04:32 - dev accuracy is 52.7036 at epoch 16
INFO - 10/04/22 00:01:23 - 0:04:32 - dev phenome error rate is 0.1118 at epoch 16
INFO - 10/04/22 00:01:23 - 0:04:32 - At 17-th epoch with lr 0.000500.
INFO - 10/04/22 00:01:36 - 0:04:45 - Running average train loss is 0.40113005218630154 at epoch 17
INFO - 10/04/22 00:01:36 - 0:04:45 - Average dev loss is 0.18851500271874316 at epoch 17
INFO - 10/04/22 00:01:39 - 0:04:48 - dev accuracy is 51.8823 at epoch 17
INFO - 10/04/22 00:01:39 - 0:04:48 - dev phenome error rate is 0.1177 at epoch 17
INFO - 10/04/22 00:01:39 - 0:04:48 - At 18-th epoch with lr 0.000500.
INFO - 10/04/22 00:01:52 - 0:05:01 - Running average train loss is 0.39593080019851995 at epoch 18
INFO - 10/04/22 00:01:52 - 0:05:01 - Average dev loss is 0.1867761802585686 at epoch 18
INFO - 10/04/22 00:01:55 - 0:05:04 - dev accuracy is 53.1828 at epoch 18
INFO - 10/04/22 00:01:55 - 0:05:04 - dev phenome error rate is 0.1138 at epoch 18
INFO - 10/04/22 00:01:55 - 0:05:04 - At 19-th epoch with lr 0.000500.
INFO - 10/04/22 00:02:08 - 0:05:17 - Running average train loss is 0.395130404046079 at epoch 19
INFO - 10/04/22 00:02:08 - 0:05:17 - Average dev loss is 0.18728304093374926 at epoch 19
INFO - 10/04/22 00:02:11 - 0:05:20 - dev accuracy is 53.3881 at epoch 19
INFO - 10/04/22 00:02:11 - 0:05:20 - dev phenome error rate is 0.1119 at epoch 19
INFO - 10/04/22 00:02:11 - 0:05:20 - At 20-th epoch with lr 0.000250.
INFO - 10/04/22 00:02:24 - 0:05:33 - Running average train loss is 0.3738963082079639 at epoch 20
INFO - 10/04/22 00:02:24 - 0:05:33 - Average dev loss is 0.17858619001858375 at epoch 20
INFO - 10/04/22 00:02:27 - 0:05:37 - dev accuracy is 54.6886 at epoch 20
INFO - 10/04/22 00:02:27 - 0:05:37 - dev phenome error rate is 0.1086 at epoch 20
INFO - 10/04/22 00:02:27 - 0:05:37 - At 21-th epoch with lr 0.000250.
INFO - 10/04/22 00:02:41 - 0:05:50 - Running average train loss is 0.3678676468889578 at epoch 21
INFO - 10/04/22 00:02:41 - 0:05:50 - Average dev loss is 0.17500814221361105 at epoch 21
INFO - 10/04/22 00:02:44 - 0:05:53 - dev accuracy is 55.373 at epoch 21
INFO - 10/04/22 00:02:44 - 0:05:53 - dev phenome error rate is 0.1068 at epoch 21
INFO - 10/04/22 00:02:44 - 0:05:53 - At 22-th epoch with lr 0.000250.
INFO - 10/04/22 00:02:57 - 0:06:06 - Running average train loss is 0.3606137888797369 at epoch 22
INFO - 10/04/22 00:02:57 - 0:06:06 - Average dev loss is 0.17349702211863854 at epoch 22
INFO - 10/04/22 00:03:00 - 0:06:09 - dev accuracy is 55.0308 at epoch 22
INFO - 10/04/22 00:03:00 - 0:06:09 - dev phenome error rate is 0.1078 at epoch 22
INFO - 10/04/22 00:03:00 - 0:06:10 - At 23-th epoch with lr 0.000250.
INFO - 10/04/22 00:03:13 - 0:06:23 - Running average train loss is 0.35765118535025425 at epoch 23
INFO - 10/04/22 00:03:14 - 0:06:23 - Average dev loss is 0.17142900714979453 at epoch 23
INFO - 10/04/22 00:03:17 - 0:06:26 - dev accuracy is 55.0992 at epoch 23
INFO - 10/04/22 00:03:17 - 0:06:26 - dev phenome error rate is 0.1081 at epoch 23
INFO - 10/04/22 00:03:17 - 0:06:26 - At 24-th epoch with lr 0.000250.
INFO - 10/04/22 00:03:33 - 0:06:42 - Running average train loss is 0.35523269191313694 at epoch 24
INFO - 10/04/22 00:03:33 - 0:06:42 - Average dev loss is 0.17371452555936925 at epoch 24
INFO - 10/04/22 00:03:36 - 0:06:46 - dev accuracy is 55.0992 at epoch 24
INFO - 10/04/22 00:03:36 - 0:06:46 - dev phenome error rate is 0.109 at epoch 24
INFO - 10/04/22 00:03:37 - 0:06:46 - At 25-th epoch with lr 0.000125.
INFO - 10/04/22 00:03:49 - 0:06:58 - Running average train loss is 0.3487936584764465 at epoch 25
INFO - 10/04/22 00:03:49 - 0:06:58 - Average dev loss is 0.16842225956566192 at epoch 25
INFO - 10/04/22 00:03:52 - 0:07:02 - dev accuracy is 54.8255 at epoch 25
INFO - 10/04/22 00:03:52 - 0:07:02 - dev phenome error rate is 0.1094 at epoch 25
INFO - 10/04/22 00:03:52 - 0:07:02 - At 26-th epoch with lr 0.000125.
INFO - 10/04/22 00:04:05 - 0:07:14 - Running average train loss is 0.3461985022394578 at epoch 26
INFO - 10/04/22 00:04:05 - 0:07:14 - Average dev loss is 0.16864736961091267 at epoch 26
INFO - 10/04/22 00:04:08 - 0:07:17 - dev accuracy is 55.3046 at epoch 26
INFO - 10/04/22 00:04:08 - 0:07:17 - dev phenome error rate is 0.1067 at epoch 26
INFO - 10/04/22 00:04:08 - 0:07:17 - At 27-th epoch with lr 0.000063.
INFO - 10/04/22 00:04:21 - 0:07:30 - Running average train loss is 0.3380729082212629 at epoch 27
INFO - 10/04/22 00:04:21 - 0:07:30 - Average dev loss is 0.16627161638701662 at epoch 27
INFO - 10/04/22 00:04:24 - 0:07:33 - dev accuracy is 55.989 at epoch 27
INFO - 10/04/22 00:04:24 - 0:07:33 - dev phenome error rate is 0.1068 at epoch 27
INFO - 10/04/22 00:04:24 - 0:07:33 - At 28-th epoch with lr 0.000063.
INFO - 10/04/22 00:04:37 - 0:07:46 - Running average train loss is 0.33590825497044774 at epoch 28
INFO - 10/04/22 00:04:37 - 0:07:46 - Average dev loss is 0.16475046268280816 at epoch 28
INFO - 10/04/22 00:04:40 - 0:07:49 - dev accuracy is 56.9473 at epoch 28
INFO - 10/04/22 00:04:40 - 0:07:49 - dev phenome error rate is 0.1028 at epoch 28
INFO - 10/04/22 00:04:40 - 0:07:49 - At 29-th epoch with lr 0.000063.
INFO - 10/04/22 00:04:52 - 0:08:02 - Running average train loss is 0.3366267212723951 at epoch 29
INFO - 10/04/22 00:04:53 - 0:08:02 - Average dev loss is 0.16371101294370258 at epoch 29
INFO - 10/04/22 00:04:56 - 0:08:05 - dev accuracy is 55.7837 at epoch 29
INFO - 10/04/22 00:04:56 - 0:08:05 - dev phenome error rate is 0.1034 at epoch 29
INFO - 10/04/22 00:04:56 - 0:08:05 - At 30-th epoch with lr 0.000063.
INFO - 10/04/22 00:05:08 - 0:08:17 - Running average train loss is 0.33275504565634434 at epoch 30
INFO - 10/04/22 00:05:08 - 0:08:18 - Average dev loss is 0.16436237727894504 at epoch 30
INFO - 10/04/22 00:05:11 - 0:08:21 - dev accuracy is 56.6051 at epoch 30
INFO - 10/04/22 00:05:11 - 0:08:21 - dev phenome error rate is 0.1031 at epoch 30
INFO - 10/04/22 00:05:11 - 0:08:21 - At 31-th epoch with lr 0.000031.
INFO - 10/04/22 00:05:24 - 0:08:33 - Running average train loss is 0.3316834976287532 at epoch 31
INFO - 10/04/22 00:05:24 - 0:08:33 - Average dev loss is 0.16314730565337573 at epoch 31
INFO - 10/04/22 00:05:27 - 0:08:36 - dev accuracy is 56.5366 at epoch 31
INFO - 10/04/22 00:05:27 - 0:08:36 - dev phenome error rate is 0.1019 at epoch 31
INFO - 10/04/22 00:05:27 - 0:08:36 - At 32-th epoch with lr 0.000031.
INFO - 10/04/22 00:05:40 - 0:08:49 - Running average train loss is 0.32916411584446215 at epoch 32
INFO - 10/04/22 00:05:40 - 0:08:49 - Average dev loss is 0.1629909637658035 at epoch 32
INFO - 10/04/22 00:05:43 - 0:08:52 - dev accuracy is 56.5366 at epoch 32
INFO - 10/04/22 00:05:43 - 0:08:52 - dev phenome error rate is 0.1022 at epoch 32
INFO - 10/04/22 00:05:43 - 0:08:52 - At 33-th epoch with lr 0.000031.
INFO - 10/04/22 00:05:56 - 0:09:05 - Running average train loss is 0.3307075693991512 at epoch 33
INFO - 10/04/22 00:05:56 - 0:09:05 - Average dev loss is 0.1625461022643482 at epoch 33
INFO - 10/04/22 00:05:59 - 0:09:08 - dev accuracy is 56.742 at epoch 33
INFO - 10/04/22 00:05:59 - 0:09:08 - dev phenome error rate is 0.1002 at epoch 33
INFO - 10/04/22 00:05:59 - 0:09:08 - At 34-th epoch with lr 0.000031.
INFO - 10/04/22 00:06:12 - 0:09:21 - Running average train loss is 0.3298625497774208 at epoch 34
INFO - 10/04/22 00:06:12 - 0:09:21 - Average dev loss is 0.16223089212880415 at epoch 34
INFO - 10/04/22 00:06:15 - 0:09:24 - dev accuracy is 56.5366 at epoch 34
INFO - 10/04/22 00:06:15 - 0:09:24 - dev phenome error rate is 0.1009 at epoch 34
INFO - 10/04/22 00:06:15 - 0:09:24 - At 35-th epoch with lr 0.000031.
INFO - 10/04/22 00:06:28 - 0:09:38 - Running average train loss is 0.32691132247236104 at epoch 35
INFO - 10/04/22 00:06:29 - 0:09:38 - Average dev loss is 0.16223296619513455 at epoch 35
INFO - 10/04/22 00:06:32 - 0:09:41 - dev accuracy is 56.4682 at epoch 35
INFO - 10/04/22 00:06:32 - 0:09:41 - dev phenome error rate is 0.103 at epoch 35
INFO - 10/04/22 00:06:32 - 0:09:41 - At 36-th epoch with lr 0.000016.
INFO - 10/04/22 00:06:44 - 0:09:54 - Running average train loss is 0.3272039534356357 at epoch 36
INFO - 10/04/22 00:06:45 - 0:09:54 - Average dev loss is 0.16109577833729632 at epoch 36
INFO - 10/04/22 00:06:48 - 0:09:57 - dev accuracy is 56.8104 at epoch 36
INFO - 10/04/22 00:06:48 - 0:09:57 - dev phenome error rate is 0.1006 at epoch 36
INFO - 10/04/22 00:06:48 - 0:09:57 - At 37-th epoch with lr 0.000016.
INFO - 10/04/22 00:07:00 - 0:10:09 - Running average train loss is 0.3263958427189933 at epoch 37
INFO - 10/04/22 00:07:00 - 0:10:09 - Average dev loss is 0.16081070917494156 at epoch 37
INFO - 10/04/22 00:07:03 - 0:10:13 - dev accuracy is 57.2895 at epoch 37
INFO - 10/04/22 00:07:03 - 0:10:13 - dev phenome error rate is 0.0993 at epoch 37
INFO - 10/04/22 00:07:03 - 0:10:13 - At 38-th epoch with lr 0.000016.
INFO - 10/04/22 00:07:16 - 0:10:25 - Running average train loss is 0.32776083147497537 at epoch 38
INFO - 10/04/22 00:07:16 - 0:10:25 - Average dev loss is 0.16036901649306803 at epoch 38
INFO - 10/04/22 00:07:19 - 0:10:28 - dev accuracy is 57.2895 at epoch 38
INFO - 10/04/22 00:07:19 - 0:10:28 - dev phenome error rate is 0.0988 at epoch 38
INFO - 10/04/22 00:07:19 - 0:10:28 - At 39-th epoch with lr 0.000016.
INFO - 10/04/22 00:07:31 - 0:10:41 - Running average train loss is 0.32831431219080615 at epoch 39
INFO - 10/04/22 00:07:32 - 0:10:41 - Average dev loss is 0.161241494382129 at epoch 39
INFO - 10/04/22 00:07:35 - 0:10:44 - dev accuracy is 57.0157 at epoch 39
INFO - 10/04/22 00:07:35 - 0:10:44 - dev phenome error rate is 0.0992 at epoch 39
INFO - 10/04/22 00:07:35 - 0:10:44 - At 40-th epoch with lr 0.000010.
INFO - 10/04/22 00:07:47 - 0:10:56 - Running average train loss is 0.3266415373903315 at epoch 40
INFO - 10/04/22 00:07:47 - 0:10:57 - Average dev loss is 0.16106464683133012 at epoch 40
INFO - 10/04/22 00:07:51 - 0:11:00 - dev accuracy is 57.1526 at epoch 40
INFO - 10/04/22 00:07:51 - 0:11:00 - dev phenome error rate is 0.0997 at epoch 40
INFO - 10/04/22 00:07:51 - 0:11:00 - At 41-th epoch with lr 0.000010.
INFO - 10/04/22 00:08:03 - 0:11:12 - Running average train loss is 0.3243702822916598 at epoch 41
INFO - 10/04/22 00:08:03 - 0:11:12 - Average dev loss is 0.16067691870472012 at epoch 41
INFO - 10/04/22 00:08:06 - 0:11:15 - dev accuracy is 57.2211 at epoch 41
INFO - 10/04/22 00:08:06 - 0:11:15 - dev phenome error rate is 0.0988 at epoch 41
INFO - 10/04/22 00:08:06 - 0:11:15 - At 42-th epoch with lr 0.000010.
INFO - 10/04/22 00:08:19 - 0:11:28 - Running average train loss is 0.3227787401650754 at epoch 42
INFO - 10/04/22 00:08:19 - 0:11:28 - Average dev loss is 0.16118408888578414 at epoch 42
INFO - 10/04/22 00:08:22 - 0:11:31 - dev accuracy is 57.0842 at epoch 42
INFO - 10/04/22 00:08:22 - 0:11:31 - dev phenome error rate is 0.1005 at epoch 42
INFO - 10/04/22 00:08:22 - 0:11:31 - Early stopping triggered with epoch 42 (previous dev loss: 0.160677, current: 0.161184)
INFO - 10/04/22 00:08:22 - 0:11:31 - loading model/g2p/large/transformer/xhosa.nll_0.1604.acc_57.2895.per_0.0988.epoch_38 for testing
INFO - 10/04/22 00:08:22 - 0:11:31 - load model in model/g2p/large/transformer/xhosa.nll_0.1604.acc_57.2895.per_0.0988.epoch_38
INFO - 10/04/22 00:08:22 - 0:11:31 - Average dev loss is 0.16036901649306803 at epoch -1
INFO - 10/04/22 00:08:22 - 0:11:31 - decoding dev set
INFO - 10/04/22 00:08:26 - 0:11:35 - finished decoding 1687 dev instance
INFO - 10/04/22 00:08:26 - 0:11:35 - DEV accuracy is 57.2895 at epoch -1
INFO - 10/04/22 00:08:26 - 0:11:35 - DEV phenome error rate is 0.0988 at epoch -1
INFO - 10/04/22 00:08:26 - 0:11:35 - DEV xhosa acc 57.2895 per 0.0988
INFO - 10/04/22 00:08:26 - 0:11:36 - Average test loss is 0.4156987578762288 at epoch -1
INFO - 10/04/22 00:08:26 - 0:11:36 - decoding test set
INFO - 10/04/22 00:08:33 - 0:11:42 - finished decoding 3003 test instance
INFO - 10/04/22 00:08:33 - 0:11:42 - TEST accuracy is 36.7095 at epoch -1
INFO - 10/04/22 00:08:33 - 0:11:42 - TEST phenome error rate is 0.1701 at epoch -1
INFO - 10/04/22 00:08:33 - 0:11:42 - TEST xhosa acc 36.7095 per 0.1701
