INFO - 10/04/22 00:08:34 - 0:00:00 - command line argument: seed - 0
INFO - 10/04/22 00:08:34 - 0:00:00 - command line argument: train - ['data/zulu/zulu.train']
INFO - 10/04/22 00:08:34 - 0:00:00 - command line argument: dev - ['data/zulu/zulu.dev']
INFO - 10/04/22 00:08:34 - 0:00:00 - command line argument: test - ['data/zulu/zulu.test']
INFO - 10/04/22 00:08:34 - 0:00:00 - command line argument: model - 'model/g2p/large/transformer/zulu'
INFO - 10/04/22 00:08:34 - 0:00:00 - command line argument: load - ''
INFO - 10/04/22 00:08:34 - 0:00:00 - command line argument: bs - 20
INFO - 10/04/22 00:08:34 - 0:00:00 - command line argument: epochs - 50
INFO - 10/04/22 00:08:34 - 0:00:00 - command line argument: max_steps - 0
INFO - 10/04/22 00:08:34 - 0:00:00 - command line argument: warmup_steps - 4000
INFO - 10/04/22 00:08:34 - 0:00:00 - command line argument: total_eval - -1
INFO - 10/04/22 00:08:34 - 0:00:00 - command line argument: optimizer - <Optimizer.adam: 'adam'>
INFO - 10/04/22 00:08:34 - 0:00:00 - command line argument: scheduler - <Scheduler.reducewhenstuck: 'reducewhenstuck'>
INFO - 10/04/22 00:08:34 - 0:00:00 - command line argument: lr - 0.001
INFO - 10/04/22 00:08:34 - 0:00:00 - command line argument: min_lr - 1e-05
INFO - 10/04/22 00:08:34 - 0:00:00 - command line argument: momentum - 0.9
INFO - 10/04/22 00:08:34 - 0:00:00 - command line argument: beta1 - 0.9
INFO - 10/04/22 00:08:34 - 0:00:00 - command line argument: beta2 - 0.999
INFO - 10/04/22 00:08:34 - 0:00:00 - command line argument: estop - 1e-08
INFO - 10/04/22 00:08:34 - 0:00:00 - command line argument: cooldown - 0
INFO - 10/04/22 00:08:34 - 0:00:00 - command line argument: patience - 0
INFO - 10/04/22 00:08:34 - 0:00:00 - command line argument: discount_factor - 0.5
INFO - 10/04/22 00:08:34 - 0:00:00 - command line argument: max_norm - 5.0
INFO - 10/04/22 00:08:34 - 0:00:00 - command line argument: gpuid - [0]
INFO - 10/04/22 00:08:34 - 0:00:00 - command line argument: loglevel - 'info'
INFO - 10/04/22 00:08:34 - 0:00:00 - command line argument: saveall - False
INFO - 10/04/22 00:08:34 - 0:00:00 - command line argument: shuffle - False
INFO - 10/04/22 00:08:34 - 0:00:00 - command line argument: cleanup_anyway - False
INFO - 10/04/22 00:08:34 - 0:00:00 - command line argument: dataset - <Data.g2p: 'g2p'>
INFO - 10/04/22 00:08:34 - 0:00:00 - command line argument: max_seq_len - 128
INFO - 10/04/22 00:08:34 - 0:00:00 - command line argument: max_decode_len - 128
INFO - 10/04/22 00:08:34 - 0:00:00 - command line argument: decode_beam_size - 5
INFO - 10/04/22 00:08:34 - 0:00:00 - command line argument: init - 'init/g2p/large/seed-0/zulu'
INFO - 10/04/22 00:08:34 - 0:00:00 - command line argument: dropout - 0.4
INFO - 10/04/22 00:08:34 - 0:00:00 - command line argument: embed_dim - 200
INFO - 10/04/22 00:08:34 - 0:00:00 - command line argument: nb_heads - 4
INFO - 10/04/22 00:08:34 - 0:00:00 - command line argument: src_layer - 2
INFO - 10/04/22 00:08:34 - 0:00:00 - command line argument: trg_layer - 1
INFO - 10/04/22 00:08:34 - 0:00:00 - command line argument: src_hs - 400
INFO - 10/04/22 00:08:34 - 0:00:00 - command line argument: trg_hs - 400
INFO - 10/04/22 00:08:34 - 0:00:00 - command line argument: label_smooth - 0.0
INFO - 10/04/22 00:08:34 - 0:00:00 - command line argument: tie_trg_embed - False
INFO - 10/04/22 00:08:34 - 0:00:00 - command line argument: arch - <Arch.transformer: 'transformer'>
INFO - 10/04/22 00:08:34 - 0:00:00 - command line argument: nb_sample - 4
INFO - 10/04/22 00:08:34 - 0:00:00 - command line argument: wid_siz - 11
INFO - 10/04/22 00:08:34 - 0:00:00 - command line argument: indtag - False
INFO - 10/04/22 00:08:34 - 0:00:00 - command line argument: decode - <Decode.greedy: 'greedy'>
INFO - 10/04/22 00:08:34 - 0:00:00 - command line argument: mono - False
INFO - 10/04/22 00:08:34 - 0:00:00 - command line argument: bestacc - False
INFO - 10/04/22 00:08:34 - 0:00:00 - src vocab size 71
INFO - 10/04/22 00:08:34 - 0:00:00 - trg vocab size 58
INFO - 10/04/22 00:08:34 - 0:00:00 - src vocab ['<PAD>', '<BOS>', '<EOS>', '<UNK>', '"', '%', "'", ',', '.', '0', '1', '2', '3', '4', '5', '6', '7', '8', '9', 'A', 'B', 'C', 'D', 'E', 'F', 'G', 'H', 'I', 'J', 'K', 'L', 'M', 'N', 'O', 'P', 'Q', 'R', 'S', 'T', 'U', 'V', 'W', 'X', 'Y', 'Z', 'a', 'b', 'c', 'd', 'e', 'f', 'g', 'h', 'i', 'j', 'k', 'l', 'm', 'n', 'o', 'p', 'q', 'r', 's', 't', 'u', 'v', 'w', 'x', 'y', 'z']
INFO - 10/04/22 00:08:34 - 0:00:00 - trg vocab ['<PAD>', '<BOS>', '<EOS>', '<UNK>', '"', '%', "'", ',', '-', '.', '0', '1', '2', '3', '4', '5', '6', '7', '8', '9', 'A', 'B', 'G', 'K', 'M', 'N', 'P', 'S', 'T', 'V', 'X', 'Z', 'a', 'b', 'c', 'd', 'e', 'f', 'g', 'h', 'i', 'j', 'k', 'l', 'm', 'n', 'o', 'p', 'q', 'r', 's', 't', 'u', 'v', 'w', 'x', 'y', 'z']
INFO - 10/04/22 00:08:34 - 0:00:00 - model: Transformer(
                                       (src_embed): Embedding(71, 200, padding_idx=0)
                                       (trg_embed): Embedding(58, 200, padding_idx=0)
                                       (position_embed): SinusoidalPositionalEmbedding()
                                       (encoder): TransformerEncoder(
                                         (layers): ModuleList(
                                           (0): TransformerEncoderLayer(
                                             (self_attn): MultiheadAttention(
                                               (out_proj): NonDynamicallyQuantizableLinear(in_features=200, out_features=200, bias=True)
                                             )
                                             (linear1): Linear(in_features=200, out_features=400, bias=True)
                                             (dropout): Dropout(p=0.4, inplace=False)
                                             (linear2): Linear(in_features=400, out_features=200, bias=True)
                                             (norm1): LayerNorm((200,), eps=1e-05, elementwise_affine=True)
                                             (norm2): LayerNorm((200,), eps=1e-05, elementwise_affine=True)
                                             (activation_dropout): Dropout(p=0.4, inplace=False)
                                           )
                                           (1): TransformerEncoderLayer(
                                             (self_attn): MultiheadAttention(
                                               (out_proj): NonDynamicallyQuantizableLinear(in_features=200, out_features=200, bias=True)
                                             )
                                             (linear1): Linear(in_features=200, out_features=400, bias=True)
                                             (dropout): Dropout(p=0.4, inplace=False)
                                             (linear2): Linear(in_features=400, out_features=200, bias=True)
                                             (norm1): LayerNorm((200,), eps=1e-05, elementwise_affine=True)
                                             (norm2): LayerNorm((200,), eps=1e-05, elementwise_affine=True)
                                             (activation_dropout): Dropout(p=0.4, inplace=False)
                                           )
                                         )
                                         (norm): LayerNorm((200,), eps=1e-05, elementwise_affine=True)
                                       )
                                       (decoder): TransformerDecoder(
                                         (layers): ModuleList(
                                           (0): TransformerDecoderLayer(
                                             (self_attn): MultiheadAttention(
                                               (out_proj): NonDynamicallyQuantizableLinear(in_features=200, out_features=200, bias=True)
                                             )
                                             (multihead_attn): MultiheadAttention(
                                               (out_proj): NonDynamicallyQuantizableLinear(in_features=200, out_features=200, bias=True)
                                             )
                                             (linear1): Linear(in_features=200, out_features=400, bias=True)
                                             (dropout): Dropout(p=0.4, inplace=False)
                                             (linear2): Linear(in_features=400, out_features=200, bias=True)
                                             (norm1): LayerNorm((200,), eps=1e-05, elementwise_affine=True)
                                             (norm2): LayerNorm((200,), eps=1e-05, elementwise_affine=True)
                                             (norm3): LayerNorm((200,), eps=1e-05, elementwise_affine=True)
                                             (activation_dropout): Dropout(p=0.4, inplace=False)
                                           )
                                         )
                                         (norm): LayerNorm((200,), eps=1e-05, elementwise_affine=True)
                                       )
                                       (final_out): Linear(in_features=200, out_features=58, bias=True)
                                       (dropout): Dropout(p=0.4, inplace=False)
                                     )
INFO - 10/04/22 00:08:34 - 0:00:00 - number of parameter 1166058
INFO - 10/04/22 00:08:36 - 0:00:02 - dump to init/g2p/large/seed-0/zulu
INFO - 10/04/22 00:08:36 - 0:00:02 - maximum training 44450 steps (50 epochs)
INFO - 10/04/22 00:08:36 - 0:00:02 - evaluate every 1 epochs
INFO - 10/04/22 00:08:36 - 0:00:02 - At 0-th epoch with lr 0.001000.
INFO - 10/04/22 00:08:51 - 0:00:17 - Running average train loss is 1.294346388936445 at epoch 0
INFO - 10/04/22 00:08:51 - 0:00:17 - At 1-th epoch with lr 0.001000.
INFO - 10/04/22 00:09:04 - 0:00:30 - Running average train loss is 0.8086347089508387 at epoch 1
INFO - 10/04/22 00:09:04 - 0:00:30 - Average dev loss is 0.40006771717178685 at epoch 1
INFO - 10/04/22 00:09:08 - 0:00:34 - dev accuracy is 29.6515 at epoch 1
INFO - 10/04/22 00:09:08 - 0:00:34 - dev phenome error rate is 0.1664 at epoch 1
INFO - 10/04/22 00:09:08 - 0:00:34 - At 2-th epoch with lr 0.001000.
INFO - 10/04/22 00:09:21 - 0:00:47 - Running average train loss is 0.6725771056050257 at epoch 2
INFO - 10/04/22 00:09:21 - 0:00:47 - Average dev loss is 0.3298200136155225 at epoch 2
INFO - 10/04/22 00:09:25 - 0:00:51 - dev accuracy is 37.0809 at epoch 2
INFO - 10/04/22 00:09:25 - 0:00:51 - dev phenome error rate is 0.1571 at epoch 2
INFO - 10/04/22 00:09:25 - 0:00:51 - At 3-th epoch with lr 0.001000.
INFO - 10/04/22 00:09:38 - 0:01:04 - Running average train loss is 0.5989370046705175 at epoch 3
INFO - 10/04/22 00:09:38 - 0:01:04 - Average dev loss is 0.3054525157373943 at epoch 3
INFO - 10/04/22 00:09:41 - 0:01:07 - dev accuracy is 40.3682 at epoch 3
INFO - 10/04/22 00:09:41 - 0:01:07 - dev phenome error rate is 0.1357 at epoch 3
INFO - 10/04/22 00:09:41 - 0:01:07 - At 4-th epoch with lr 0.001000.
INFO - 10/04/22 00:09:55 - 0:01:21 - Running average train loss is 0.5588151593310224 at epoch 4
INFO - 10/04/22 00:09:55 - 0:01:21 - Average dev loss is 0.286500480737579 at epoch 4
INFO - 10/04/22 00:09:58 - 0:01:24 - dev accuracy is 40.3682 at epoch 4
INFO - 10/04/22 00:09:58 - 0:01:24 - dev phenome error rate is 0.136 at epoch 4
INFO - 10/04/22 00:09:58 - 0:01:24 - At 5-th epoch with lr 0.001000.
INFO - 10/04/22 00:10:12 - 0:01:38 - Running average train loss is 0.5274873783872688 at epoch 5
INFO - 10/04/22 00:10:12 - 0:01:38 - Average dev loss is 0.26335298579730343 at epoch 5
INFO - 10/04/22 00:10:15 - 0:01:41 - dev accuracy is 43.9185 at epoch 5
INFO - 10/04/22 00:10:15 - 0:01:41 - dev phenome error rate is 0.1308 at epoch 5
INFO - 10/04/22 00:10:15 - 0:01:41 - At 6-th epoch with lr 0.001000.
INFO - 10/04/22 00:10:29 - 0:01:54 - Running average train loss is 0.5039921843764216 at epoch 6
INFO - 10/04/22 00:10:29 - 0:01:55 - Average dev loss is 0.2581804764739583 at epoch 6
INFO - 10/04/22 00:10:32 - 0:01:58 - dev accuracy is 43.1295 at epoch 6
INFO - 10/04/22 00:10:32 - 0:01:58 - dev phenome error rate is 0.1274 at epoch 6
INFO - 10/04/22 00:10:32 - 0:01:58 - At 7-th epoch with lr 0.001000.
INFO - 10/04/22 00:10:45 - 0:02:11 - Running average train loss is 0.4877043371460703 at epoch 7
INFO - 10/04/22 00:10:46 - 0:02:12 - Average dev loss is 0.25657639493433276 at epoch 7
INFO - 10/04/22 00:10:49 - 0:02:15 - dev accuracy is 43.1953 at epoch 7
INFO - 10/04/22 00:10:49 - 0:02:15 - dev phenome error rate is 0.1351 at epoch 7
INFO - 10/04/22 00:10:49 - 0:02:15 - At 8-th epoch with lr 0.001000.
INFO - 10/04/22 00:11:02 - 0:02:28 - Running average train loss is 0.4746407463191197 at epoch 8
INFO - 10/04/22 00:11:03 - 0:02:29 - Average dev loss is 0.2426867400494854 at epoch 8
INFO - 10/04/22 00:11:06 - 0:02:32 - dev accuracy is 45.5621 at epoch 8
INFO - 10/04/22 00:11:06 - 0:02:32 - dev phenome error rate is 0.1315 at epoch 8
INFO - 10/04/22 00:11:06 - 0:02:32 - At 9-th epoch with lr 0.001000.
INFO - 10/04/22 00:11:20 - 0:02:46 - Running average train loss is 0.45745897380251715 at epoch 9
INFO - 10/04/22 00:11:20 - 0:02:46 - Average dev loss is 0.23431901809539687 at epoch 9
INFO - 10/04/22 00:11:23 - 0:02:49 - dev accuracy is 46.2196 at epoch 9
INFO - 10/04/22 00:11:23 - 0:02:49 - dev phenome error rate is 0.126 at epoch 9
INFO - 10/04/22 00:11:23 - 0:02:49 - At 10-th epoch with lr 0.001000.
INFO - 10/04/22 00:11:37 - 0:03:03 - Running average train loss is 0.4458433668243335 at epoch 10
INFO - 10/04/22 00:11:37 - 0:03:03 - Average dev loss is 0.2360544643375311 at epoch 10
INFO - 10/04/22 00:11:40 - 0:03:06 - dev accuracy is 47.7318 at epoch 10
INFO - 10/04/22 00:11:40 - 0:03:06 - dev phenome error rate is 0.1186 at epoch 10
INFO - 10/04/22 00:11:40 - 0:03:06 - At 11-th epoch with lr 0.000500.
INFO - 10/04/22 00:11:54 - 0:03:20 - Running average train loss is 0.4015834071705929 at epoch 11
INFO - 10/04/22 00:11:54 - 0:03:20 - Average dev loss is 0.20215712964869617 at epoch 11
INFO - 10/04/22 00:11:57 - 0:03:23 - dev accuracy is 50.6246 at epoch 11
INFO - 10/04/22 00:11:57 - 0:03:23 - dev phenome error rate is 0.1074 at epoch 11
INFO - 10/04/22 00:11:57 - 0:03:23 - At 12-th epoch with lr 0.000500.
INFO - 10/04/22 00:12:11 - 0:03:36 - Running average train loss is 0.386271202373156 at epoch 12
INFO - 10/04/22 00:12:11 - 0:03:37 - Average dev loss is 0.18160221734073725 at epoch 12
INFO - 10/04/22 00:12:14 - 0:03:40 - dev accuracy is 53.9119 at epoch 12
INFO - 10/04/22 00:12:14 - 0:03:40 - dev phenome error rate is 0.0988 at epoch 12
INFO - 10/04/22 00:12:14 - 0:03:40 - At 13-th epoch with lr 0.000500.
INFO - 10/04/22 00:12:27 - 0:03:53 - Running average train loss is 0.3771416020272687 at epoch 13
INFO - 10/04/22 00:12:28 - 0:03:54 - Average dev loss is 0.1820141263306141 at epoch 13
INFO - 10/04/22 00:12:31 - 0:03:57 - dev accuracy is 54.5036 at epoch 13
INFO - 10/04/22 00:12:31 - 0:03:57 - dev phenome error rate is 0.1042 at epoch 13
INFO - 10/04/22 00:12:31 - 0:03:57 - At 14-th epoch with lr 0.000250.
INFO - 10/04/22 00:12:44 - 0:04:10 - Running average train loss is 0.35898054009816777 at epoch 14
INFO - 10/04/22 00:12:45 - 0:04:11 - Average dev loss is 0.17170362467511316 at epoch 14
INFO - 10/04/22 00:12:48 - 0:04:14 - dev accuracy is 56.3445 at epoch 14
INFO - 10/04/22 00:12:48 - 0:04:14 - dev phenome error rate is 0.0929 at epoch 14
INFO - 10/04/22 00:12:48 - 0:04:14 - At 15-th epoch with lr 0.000250.
INFO - 10/04/22 00:13:01 - 0:04:27 - Running average train loss is 0.35121095821646925 at epoch 15
INFO - 10/04/22 00:13:02 - 0:04:27 - Average dev loss is 0.1703170918849077 at epoch 15
INFO - 10/04/22 00:13:05 - 0:04:31 - dev accuracy is 56.4103 at epoch 15
INFO - 10/04/22 00:13:05 - 0:04:31 - dev phenome error rate is 0.0915 at epoch 15
INFO - 10/04/22 00:13:05 - 0:04:31 - At 16-th epoch with lr 0.000250.
INFO - 10/04/22 00:13:18 - 0:04:44 - Running average train loss is 0.34678735293204926 at epoch 16
INFO - 10/04/22 00:13:18 - 0:04:44 - Average dev loss is 0.16295106503903195 at epoch 16
INFO - 10/04/22 00:13:21 - 0:04:47 - dev accuracy is 57.8567 at epoch 16
INFO - 10/04/22 00:13:21 - 0:04:47 - dev phenome error rate is 0.091 at epoch 16
INFO - 10/04/22 00:13:22 - 0:04:47 - At 17-th epoch with lr 0.000250.
INFO - 10/04/22 00:13:35 - 0:05:01 - Running average train loss is 0.3455364597192363 at epoch 17
INFO - 10/04/22 00:13:35 - 0:05:01 - Average dev loss is 0.16433079980230064 at epoch 17
INFO - 10/04/22 00:13:38 - 0:05:04 - dev accuracy is 57.002 at epoch 17
INFO - 10/04/22 00:13:38 - 0:05:04 - dev phenome error rate is 0.0919 at epoch 17
INFO - 10/04/22 00:13:38 - 0:05:04 - At 18-th epoch with lr 0.000125.
INFO - 10/04/22 00:13:52 - 0:05:18 - Running average train loss is 0.3350646354517867 at epoch 18
INFO - 10/04/22 00:13:52 - 0:05:18 - Average dev loss is 0.1643997984153501 at epoch 18
INFO - 10/04/22 00:13:55 - 0:05:21 - dev accuracy is 57.9882 at epoch 18
INFO - 10/04/22 00:13:55 - 0:05:21 - dev phenome error rate is 0.0932 at epoch 18
INFO - 10/04/22 00:13:55 - 0:05:21 - At 19-th epoch with lr 0.000063.
INFO - 10/04/22 00:14:08 - 0:05:34 - Running average train loss is 0.3294039982108083 at epoch 19
INFO - 10/04/22 00:14:09 - 0:05:35 - Average dev loss is 0.16225979581810115 at epoch 19
INFO - 10/04/22 00:14:12 - 0:05:38 - dev accuracy is 57.7909 at epoch 19
INFO - 10/04/22 00:14:12 - 0:05:38 - dev phenome error rate is 0.0902 at epoch 19
INFO - 10/04/22 00:14:12 - 0:05:38 - At 20-th epoch with lr 0.000063.
INFO - 10/04/22 00:14:25 - 0:05:51 - Running average train loss is 0.3248614142863635 at epoch 20
INFO - 10/04/22 00:14:25 - 0:05:51 - Average dev loss is 0.16084818830818273 at epoch 20
INFO - 10/04/22 00:14:29 - 0:05:55 - dev accuracy is 57.8567 at epoch 20
INFO - 10/04/22 00:14:29 - 0:05:55 - dev phenome error rate is 0.0908 at epoch 20
INFO - 10/04/22 00:14:29 - 0:05:55 - At 21-th epoch with lr 0.000063.
INFO - 10/04/22 00:14:42 - 0:06:08 - Running average train loss is 0.3239005501848238 at epoch 21
INFO - 10/04/22 00:14:42 - 0:06:08 - Average dev loss is 0.1599992857722754 at epoch 21
INFO - 10/04/22 00:14:46 - 0:06:11 - dev accuracy is 58.2512 at epoch 21
INFO - 10/04/22 00:14:46 - 0:06:11 - dev phenome error rate is 0.0893 at epoch 21
INFO - 10/04/22 00:14:46 - 0:06:12 - At 22-th epoch with lr 0.000063.
INFO - 10/04/22 00:14:59 - 0:06:25 - Running average train loss is 0.3214554194993726 at epoch 22
INFO - 10/04/22 00:14:59 - 0:06:25 - Average dev loss is 0.1581086911930797 at epoch 22
INFO - 10/04/22 00:15:02 - 0:06:28 - dev accuracy is 58.4484 at epoch 22
INFO - 10/04/22 00:15:02 - 0:06:28 - dev phenome error rate is 0.0904 at epoch 22
INFO - 10/04/22 00:15:02 - 0:06:28 - At 23-th epoch with lr 0.000063.
INFO - 10/04/22 00:15:16 - 0:06:42 - Running average train loss is 0.3216328862698328 at epoch 23
INFO - 10/04/22 00:15:16 - 0:06:42 - Average dev loss is 0.15731933913873822 at epoch 23
INFO - 10/04/22 00:15:19 - 0:06:45 - dev accuracy is 58.3169 at epoch 23
INFO - 10/04/22 00:15:19 - 0:06:45 - dev phenome error rate is 0.0912 at epoch 23
INFO - 10/04/22 00:15:19 - 0:06:45 - At 24-th epoch with lr 0.000063.
INFO - 10/04/22 00:15:32 - 0:06:58 - Running average train loss is 0.31714509544041347 at epoch 24
INFO - 10/04/22 00:15:33 - 0:06:59 - Average dev loss is 0.15744276302918958 at epoch 24
INFO - 10/04/22 00:15:36 - 0:07:02 - dev accuracy is 58.5799 at epoch 24
INFO - 10/04/22 00:15:36 - 0:07:02 - dev phenome error rate is 0.0902 at epoch 24
INFO - 10/04/22 00:15:36 - 0:07:02 - At 25-th epoch with lr 0.000031.
INFO - 10/04/22 00:15:49 - 0:07:15 - Running average train loss is 0.315947293682093 at epoch 25
INFO - 10/04/22 00:15:50 - 0:07:16 - Average dev loss is 0.15859214953157338 at epoch 25
INFO - 10/04/22 00:15:53 - 0:07:19 - dev accuracy is 58.9744 at epoch 25
INFO - 10/04/22 00:15:53 - 0:07:19 - dev phenome error rate is 0.09 at epoch 25
INFO - 10/04/22 00:15:53 - 0:07:19 - At 26-th epoch with lr 0.000016.
INFO - 10/04/22 00:16:06 - 0:07:32 - Running average train loss is 0.31496600345766046 at epoch 26
INFO - 10/04/22 00:16:06 - 0:07:32 - Average dev loss is 0.1585151700072744 at epoch 26
INFO - 10/04/22 00:16:10 - 0:07:36 - dev accuracy is 58.7771 at epoch 26
INFO - 10/04/22 00:16:10 - 0:07:36 - dev phenome error rate is 0.0891 at epoch 26
INFO - 10/04/22 00:16:10 - 0:07:36 - At 27-th epoch with lr 0.000010.
INFO - 10/04/22 00:16:23 - 0:07:49 - Running average train loss is 0.31733308230496365 at epoch 27
INFO - 10/04/22 00:16:23 - 0:07:49 - Average dev loss is 0.15805295787835388 at epoch 27
INFO - 10/04/22 00:16:26 - 0:07:52 - dev accuracy is 58.9744 at epoch 27
INFO - 10/04/22 00:16:26 - 0:07:52 - dev phenome error rate is 0.089 at epoch 27
INFO - 10/04/22 00:16:26 - 0:07:52 - At 28-th epoch with lr 0.000010.
INFO - 10/04/22 00:16:40 - 0:08:06 - Running average train loss is 0.3127040315432007 at epoch 28
INFO - 10/04/22 00:16:40 - 0:08:06 - Average dev loss is 0.15799180493595893 at epoch 28
INFO - 10/04/22 00:16:43 - 0:08:09 - dev accuracy is 59.0401 at epoch 28
INFO - 10/04/22 00:16:43 - 0:08:09 - dev phenome error rate is 0.089 at epoch 28
INFO - 10/04/22 00:16:43 - 0:08:09 - At 29-th epoch with lr 0.000010.
INFO - 10/04/22 00:16:56 - 0:08:22 - Running average train loss is 0.31042523117247794 at epoch 29
INFO - 10/04/22 00:16:57 - 0:08:23 - Average dev loss is 0.15743924982929497 at epoch 29
INFO - 10/04/22 00:17:00 - 0:08:26 - dev accuracy is 59.1059 at epoch 29
INFO - 10/04/22 00:17:00 - 0:08:26 - dev phenome error rate is 0.0889 at epoch 29
INFO - 10/04/22 00:17:00 - 0:08:26 - At 30-th epoch with lr 0.000010.
INFO - 10/04/22 00:17:13 - 0:08:39 - Running average train loss is 0.31215264636465884 at epoch 30
INFO - 10/04/22 00:17:13 - 0:08:39 - Average dev loss is 0.15678188070822296 at epoch 30
INFO - 10/04/22 00:17:17 - 0:08:43 - dev accuracy is 59.3688 at epoch 30
INFO - 10/04/22 00:17:17 - 0:08:43 - dev phenome error rate is 0.0886 at epoch 30
INFO - 10/04/22 00:17:17 - 0:08:43 - At 31-th epoch with lr 0.000010.
INFO - 10/04/22 00:17:30 - 0:08:56 - Running average train loss is 0.3121892307016525 at epoch 31
INFO - 10/04/22 00:17:30 - 0:08:56 - Average dev loss is 0.15733599189794464 at epoch 31
INFO - 10/04/22 00:17:33 - 0:08:59 - dev accuracy is 59.3031 at epoch 31
INFO - 10/04/22 00:17:33 - 0:08:59 - dev phenome error rate is 0.0878 at epoch 31
INFO - 10/04/22 00:17:33 - 0:08:59 - Early stopping triggered with epoch 31 (previous dev loss: 0.156782, current: 0.157336)
INFO - 10/04/22 00:17:33 - 0:08:59 - loading model/g2p/large/transformer/zulu.nll_0.1568.acc_59.3688.per_0.0886.epoch_30 for testing
INFO - 10/04/22 00:17:33 - 0:08:59 - load model in model/g2p/large/transformer/zulu.nll_0.1568.acc_59.3688.per_0.0886.epoch_30
INFO - 10/04/22 00:17:34 - 0:09:00 - Average dev loss is 0.15678188070822296 at epoch -1
INFO - 10/04/22 00:17:34 - 0:09:00 - decoding dev set
INFO - 10/04/22 00:17:38 - 0:09:04 - finished decoding 1777 dev instance
INFO - 10/04/22 00:17:38 - 0:09:04 - DEV accuracy is 59.3688 at epoch -1
INFO - 10/04/22 00:17:38 - 0:09:04 - DEV phenome error rate is 0.0886 at epoch -1
INFO - 10/04/22 00:17:38 - 0:09:04 - DEV zulu acc 59.3688 per 0.0886
INFO - 10/04/22 00:17:38 - 0:09:04 - Average test loss is 0.39675055173310364 at epoch -1
INFO - 10/04/22 00:17:38 - 0:09:04 - decoding test set
INFO - 10/04/22 00:17:46 - 0:09:12 - finished decoding 3297 test instance
INFO - 10/04/22 00:17:46 - 0:09:12 - TEST accuracy is 38.1511 at epoch -1
INFO - 10/04/22 00:17:46 - 0:09:12 - TEST phenome error rate is 0.1645 at epoch -1
INFO - 10/04/22 00:17:46 - 0:09:12 - TEST zulu acc 38.1511 per 0.1645
