INFO - 10/05/22 20:58:00 - 0:00:00 - command line argument: seed - 0
INFO - 10/05/22 20:58:00 - 0:00:00 - command line argument: train - ['data/swati/swati.train']
INFO - 10/05/22 20:58:00 - 0:00:00 - command line argument: dev - ['data/swati/swati.dev']
INFO - 10/05/22 20:58:00 - 0:00:00 - command line argument: test - ['data/swati/swati.test']
INFO - 10/05/22 20:58:00 - 0:00:00 - command line argument: model - 'model/g2p/large/hardmono/swati'
INFO - 10/05/22 20:58:00 - 0:00:00 - command line argument: load - ''
INFO - 10/05/22 20:58:00 - 0:00:00 - command line argument: bs - 20
INFO - 10/05/22 20:58:00 - 0:00:00 - command line argument: epochs - 50
INFO - 10/05/22 20:58:00 - 0:00:00 - command line argument: max_steps - 0
INFO - 10/05/22 20:58:00 - 0:00:00 - command line argument: warmup_steps - 4000
INFO - 10/05/22 20:58:00 - 0:00:00 - command line argument: total_eval - -1
INFO - 10/05/22 20:58:00 - 0:00:00 - command line argument: optimizer - <Optimizer.adam: 'adam'>
INFO - 10/05/22 20:58:00 - 0:00:00 - command line argument: scheduler - <Scheduler.reducewhenstuck: 'reducewhenstuck'>
INFO - 10/05/22 20:58:00 - 0:00:00 - command line argument: lr - 0.001
INFO - 10/05/22 20:58:00 - 0:00:00 - command line argument: min_lr - 1e-05
INFO - 10/05/22 20:58:00 - 0:00:00 - command line argument: momentum - 0.9
INFO - 10/05/22 20:58:00 - 0:00:00 - command line argument: beta1 - 0.9
INFO - 10/05/22 20:58:00 - 0:00:00 - command line argument: beta2 - 0.999
INFO - 10/05/22 20:58:00 - 0:00:00 - command line argument: estop - 1e-08
INFO - 10/05/22 20:58:00 - 0:00:00 - command line argument: cooldown - 0
INFO - 10/05/22 20:58:00 - 0:00:00 - command line argument: patience - 0
INFO - 10/05/22 20:58:00 - 0:00:00 - command line argument: discount_factor - 0.5
INFO - 10/05/22 20:58:00 - 0:00:00 - command line argument: max_norm - 5.0
INFO - 10/05/22 20:58:00 - 0:00:00 - command line argument: gpuid - [0]
INFO - 10/05/22 20:58:00 - 0:00:00 - command line argument: loglevel - 'info'
INFO - 10/05/22 20:58:00 - 0:00:00 - command line argument: saveall - False
INFO - 10/05/22 20:58:00 - 0:00:00 - command line argument: shuffle - False
INFO - 10/05/22 20:58:00 - 0:00:00 - command line argument: cleanup_anyway - False
INFO - 10/05/22 20:58:00 - 0:00:00 - command line argument: dataset - <Data.g2p: 'g2p'>
INFO - 10/05/22 20:58:00 - 0:00:00 - command line argument: max_seq_len - 128
INFO - 10/05/22 20:58:00 - 0:00:00 - command line argument: max_decode_len - 128
INFO - 10/05/22 20:58:00 - 0:00:00 - command line argument: decode_beam_size - 5
INFO - 10/05/22 20:58:00 - 0:00:00 - command line argument: init - 'init/g2p/large/seed-0/swati'
INFO - 10/05/22 20:58:00 - 0:00:00 - command line argument: dropout - 0.4
INFO - 10/05/22 20:58:00 - 0:00:00 - command line argument: embed_dim - 200
INFO - 10/05/22 20:58:00 - 0:00:00 - command line argument: nb_heads - 4
INFO - 10/05/22 20:58:00 - 0:00:00 - command line argument: src_layer - 2
INFO - 10/05/22 20:58:00 - 0:00:00 - command line argument: trg_layer - 1
INFO - 10/05/22 20:58:00 - 0:00:00 - command line argument: src_hs - 400
INFO - 10/05/22 20:58:00 - 0:00:00 - command line argument: trg_hs - 400
INFO - 10/05/22 20:58:00 - 0:00:00 - command line argument: label_smooth - 0.0
INFO - 10/05/22 20:58:00 - 0:00:00 - command line argument: tie_trg_embed - False
INFO - 10/05/22 20:58:00 - 0:00:00 - command line argument: arch - <Arch.hardmono: 'hardmono'>
INFO - 10/05/22 20:58:00 - 0:00:00 - command line argument: nb_sample - 4
INFO - 10/05/22 20:58:00 - 0:00:00 - command line argument: wid_siz - 11
INFO - 10/05/22 20:58:00 - 0:00:00 - command line argument: indtag - False
INFO - 10/05/22 20:58:00 - 0:00:00 - command line argument: decode - <Decode.greedy: 'greedy'>
INFO - 10/05/22 20:58:00 - 0:00:00 - command line argument: mono - False
INFO - 10/05/22 20:58:00 - 0:00:00 - command line argument: bestacc - False
INFO - 10/05/22 20:58:06 - 0:00:06 - src vocab size 70
INFO - 10/05/22 20:58:06 - 0:00:06 - trg vocab size 72
INFO - 10/05/22 20:58:06 - 0:00:06 - src vocab ['<PAD>', '<BOS>', '<EOS>', '<UNK>', '%', '&', "'", '.', '/', '0', '1', '2', '3', '4', '5', '6', '7', '8', '9', 'A', 'B', 'C', 'D', 'E', 'F', 'G', 'H', 'I', 'J', 'K', 'L', 'M', 'N', 'O', 'P', 'R', 'S', 'T', 'U', 'V', 'W', 'X', 'Y', 'Z', 'a', 'b', 'c', 'd', 'e', 'f', 'g', 'h', 'i', 'j', 'k', 'l', 'm', 'n', 'o', 'p', 'q', 'r', 's', 't', 'u', 'v', 'w', 'x', 'y', 'z']
INFO - 10/05/22 20:58:06 - 0:00:06 - trg vocab ['<PAD>', '<BOS>', '<EOS>', '<UNK>', '<step>', '%', '&', "'", '-', '.', '/', '0', '1', '2', '3', '4', '5', '6', '7', '8', '9', 'A', 'B', 'C', 'D', 'E', 'F', 'G', 'H', 'I', 'J', 'K', 'L', 'M', 'N', 'O', 'P', 'R', 'S', 'T', 'U', 'V', 'W', 'X', 'Y', 'Z', 'a', 'b', 'c', 'd', 'e', 'f', 'g', 'h', 'i', 'j', 'k', 'l', 'm', 'n', 'o', 'p', 'q', 'r', 's', 't', 'u', 'v', 'w', 'x', 'y', 'z']
INFO - 10/05/22 20:58:06 - 0:00:06 - number of attribute 0
INFO - 10/05/22 20:58:06 - 0:00:06 - dec 1st rnn LSTMCell(1000, 471)
INFO - 10/05/22 20:58:06 - 0:00:06 - model: HardMonoTransducer(
                                       (src_embed): Embedding(70, 200, padding_idx=0)
                                       (trg_embed): Embedding(72, 200, padding_idx=0)
                                       (enc_rnn): LSTM(200, 400, num_layers=2, dropout=0.4, bidirectional=True)
                                       (dec_rnn): StackedLSTM(
                                         (layers): ModuleList(
                                           (0): LSTMCell(1000, 471)
                                         )
                                         (dropout): Dropout(p=0.4, inplace=False)
                                       )
                                       (final_out): Linear(in_features=471, out_features=72, bias=True)
                                       (dropout): Dropout(p=0.4, inplace=False)
                                     )
INFO - 10/05/22 20:58:06 - 0:00:06 - number of parameter 8610316
