INFO - 10/05/22 20:52:37 - 0:00:00 - command line argument: seed - 0
INFO - 10/05/22 20:52:37 - 0:00:00 - command line argument: train - ['data/swati/swati.train']
INFO - 10/05/22 20:52:37 - 0:00:00 - command line argument: dev - ['data/swati/swati.dev']
INFO - 10/05/22 20:52:37 - 0:00:00 - command line argument: test - ['data/swati/swati.test']
INFO - 10/05/22 20:52:37 - 0:00:00 - command line argument: model - 'model/g2p/large/hard/swati'
INFO - 10/05/22 20:52:37 - 0:00:00 - command line argument: load - ''
INFO - 10/05/22 20:52:37 - 0:00:00 - command line argument: bs - 20
INFO - 10/05/22 20:52:37 - 0:00:00 - command line argument: epochs - 50
INFO - 10/05/22 20:52:37 - 0:00:00 - command line argument: max_steps - 0
INFO - 10/05/22 20:52:37 - 0:00:00 - command line argument: warmup_steps - 4000
INFO - 10/05/22 20:52:37 - 0:00:00 - command line argument: total_eval - -1
INFO - 10/05/22 20:52:37 - 0:00:00 - command line argument: optimizer - <Optimizer.adam: 'adam'>
INFO - 10/05/22 20:52:37 - 0:00:00 - command line argument: scheduler - <Scheduler.reducewhenstuck: 'reducewhenstuck'>
INFO - 10/05/22 20:52:37 - 0:00:00 - command line argument: lr - 0.001
INFO - 10/05/22 20:52:37 - 0:00:00 - command line argument: min_lr - 1e-05
INFO - 10/05/22 20:52:37 - 0:00:00 - command line argument: momentum - 0.9
INFO - 10/05/22 20:52:37 - 0:00:00 - command line argument: beta1 - 0.9
INFO - 10/05/22 20:52:37 - 0:00:00 - command line argument: beta2 - 0.999
INFO - 10/05/22 20:52:37 - 0:00:00 - command line argument: estop - 1e-08
INFO - 10/05/22 20:52:37 - 0:00:00 - command line argument: cooldown - 0
INFO - 10/05/22 20:52:37 - 0:00:00 - command line argument: patience - 0
INFO - 10/05/22 20:52:37 - 0:00:00 - command line argument: discount_factor - 0.5
INFO - 10/05/22 20:52:37 - 0:00:00 - command line argument: max_norm - 5.0
INFO - 10/05/22 20:52:37 - 0:00:00 - command line argument: gpuid - [0]
INFO - 10/05/22 20:52:37 - 0:00:00 - command line argument: loglevel - 'info'
INFO - 10/05/22 20:52:37 - 0:00:00 - command line argument: saveall - False
INFO - 10/05/22 20:52:37 - 0:00:00 - command line argument: shuffle - False
INFO - 10/05/22 20:52:37 - 0:00:00 - command line argument: cleanup_anyway - False
INFO - 10/05/22 20:52:37 - 0:00:00 - command line argument: dataset - <Data.g2p: 'g2p'>
INFO - 10/05/22 20:52:37 - 0:00:00 - command line argument: max_seq_len - 128
INFO - 10/05/22 20:52:37 - 0:00:00 - command line argument: max_decode_len - 128
INFO - 10/05/22 20:52:37 - 0:00:00 - command line argument: decode_beam_size - 5
INFO - 10/05/22 20:52:37 - 0:00:00 - command line argument: init - 'init/g2p/large/seed-0/swati'
INFO - 10/05/22 20:52:37 - 0:00:00 - command line argument: dropout - 0.4
INFO - 10/05/22 20:52:37 - 0:00:00 - command line argument: embed_dim - 200
INFO - 10/05/22 20:52:37 - 0:00:00 - command line argument: nb_heads - 4
INFO - 10/05/22 20:52:37 - 0:00:00 - command line argument: src_layer - 2
INFO - 10/05/22 20:52:37 - 0:00:00 - command line argument: trg_layer - 1
INFO - 10/05/22 20:52:37 - 0:00:00 - command line argument: src_hs - 400
INFO - 10/05/22 20:52:37 - 0:00:00 - command line argument: trg_hs - 400
INFO - 10/05/22 20:52:37 - 0:00:00 - command line argument: label_smooth - 0.0
INFO - 10/05/22 20:52:37 - 0:00:00 - command line argument: tie_trg_embed - False
INFO - 10/05/22 20:52:37 - 0:00:00 - command line argument: arch - <Arch.hard: 'hard'>
INFO - 10/05/22 20:52:37 - 0:00:00 - command line argument: nb_sample - 4
INFO - 10/05/22 20:52:37 - 0:00:00 - command line argument: wid_siz - 11
INFO - 10/05/22 20:52:37 - 0:00:00 - command line argument: indtag - False
INFO - 10/05/22 20:52:37 - 0:00:00 - command line argument: decode - <Decode.greedy: 'greedy'>
INFO - 10/05/22 20:52:37 - 0:00:00 - command line argument: mono - False
INFO - 10/05/22 20:52:37 - 0:00:00 - command line argument: bestacc - False
INFO - 10/05/22 20:52:37 - 0:00:00 - src vocab size 70
INFO - 10/05/22 20:52:37 - 0:00:00 - trg vocab size 71
INFO - 10/05/22 20:52:37 - 0:00:00 - src vocab ['<PAD>', '<BOS>', '<EOS>', '<UNK>', '%', '&', "'", '.', '/', '0', '1', '2', '3', '4', '5', '6', '7', '8', '9', 'A', 'B', 'C', 'D', 'E', 'F', 'G', 'H', 'I', 'J', 'K', 'L', 'M', 'N', 'O', 'P', 'R', 'S', 'T', 'U', 'V', 'W', 'X', 'Y', 'Z', 'a', 'b', 'c', 'd', 'e', 'f', 'g', 'h', 'i', 'j', 'k', 'l', 'm', 'n', 'o', 'p', 'q', 'r', 's', 't', 'u', 'v', 'w', 'x', 'y', 'z']
INFO - 10/05/22 20:52:37 - 0:00:00 - trg vocab ['<PAD>', '<BOS>', '<EOS>', '<UNK>', '%', '&', "'", '-', '.', '/', '0', '1', '2', '3', '4', '5', '6', '7', '8', '9', 'A', 'B', 'C', 'D', 'E', 'F', 'G', 'H', 'I', 'J', 'K', 'L', 'M', 'N', 'O', 'P', 'R', 'S', 'T', 'U', 'V', 'W', 'X', 'Y', 'Z', 'a', 'b', 'c', 'd', 'e', 'f', 'g', 'h', 'i', 'j', 'k', 'l', 'm', 'n', 'o', 'p', 'q', 'r', 's', 't', 'u', 'v', 'w', 'x', 'y', 'z']
INFO - 10/05/22 20:52:37 - 0:00:00 - model: HardAttnTransducer(
                                       (src_embed): Embedding(70, 200, padding_idx=0)
                                       (trg_embed): Embedding(71, 200, padding_idx=0)
                                       (enc_rnn): LSTM(200, 400, num_layers=2, dropout=0.4, bidirectional=True)
                                       (dec_rnn): StackedLSTM(
                                         (layers): ModuleList(
                                           (0): LSTMCell(200, 400)
                                         )
                                         (dropout): Dropout(p=0.4, inplace=False)
                                       )
                                       (scale_enc_hs): Linear(in_features=800, out_features=400, bias=True)
                                       (attn): Attention()
                                       (linear_out): Linear(in_features=1200, out_features=1200, bias=True)
                                       (final_out): Linear(in_features=1200, out_features=71, bias=True)
                                       (dropout): Dropout(p=0.4, inplace=False)
                                     )
INFO - 10/05/22 20:52:37 - 0:00:00 - number of parameter 8611071
INFO - 10/05/22 21:03:14 - 0:00:00 - command line argument: seed - 0
INFO - 10/05/22 21:03:14 - 0:00:00 - command line argument: train - ['data/swati/swati.train']
INFO - 10/05/22 21:03:14 - 0:00:00 - command line argument: dev - ['data/swati/swati.dev']
INFO - 10/05/22 21:03:14 - 0:00:00 - command line argument: test - ['data/swati/swati.test']
INFO - 10/05/22 21:03:14 - 0:00:00 - command line argument: model - 'model/g2p/large/hard/swati'
INFO - 10/05/22 21:03:14 - 0:00:00 - command line argument: load - ''
INFO - 10/05/22 21:03:14 - 0:00:00 - command line argument: bs - 20
INFO - 10/05/22 21:03:14 - 0:00:00 - command line argument: epochs - 50
INFO - 10/05/22 21:03:14 - 0:00:00 - command line argument: max_steps - 0
INFO - 10/05/22 21:03:14 - 0:00:00 - command line argument: warmup_steps - 4000
INFO - 10/05/22 21:03:14 - 0:00:00 - command line argument: total_eval - -1
INFO - 10/05/22 21:03:14 - 0:00:00 - command line argument: optimizer - <Optimizer.adam: 'adam'>
INFO - 10/05/22 21:03:14 - 0:00:00 - command line argument: scheduler - <Scheduler.reducewhenstuck: 'reducewhenstuck'>
INFO - 10/05/22 21:03:14 - 0:00:00 - command line argument: lr - 0.001
INFO - 10/05/22 21:03:14 - 0:00:00 - command line argument: min_lr - 1e-05
INFO - 10/05/22 21:03:14 - 0:00:00 - command line argument: momentum - 0.9
INFO - 10/05/22 21:03:14 - 0:00:00 - command line argument: beta1 - 0.9
INFO - 10/05/22 21:03:14 - 0:00:00 - command line argument: beta2 - 0.999
INFO - 10/05/22 21:03:14 - 0:00:00 - command line argument: estop - 1e-08
INFO - 10/05/22 21:03:14 - 0:00:00 - command line argument: cooldown - 0
INFO - 10/05/22 21:03:14 - 0:00:00 - command line argument: patience - 0
INFO - 10/05/22 21:03:14 - 0:00:00 - command line argument: discount_factor - 0.5
INFO - 10/05/22 21:03:14 - 0:00:00 - command line argument: max_norm - 5.0
INFO - 10/05/22 21:03:14 - 0:00:00 - command line argument: gpuid - [0]
INFO - 10/05/22 21:03:14 - 0:00:00 - command line argument: loglevel - 'info'
INFO - 10/05/22 21:03:14 - 0:00:00 - command line argument: saveall - False
INFO - 10/05/22 21:03:14 - 0:00:00 - command line argument: shuffle - False
INFO - 10/05/22 21:03:14 - 0:00:00 - command line argument: cleanup_anyway - False
INFO - 10/05/22 21:03:14 - 0:00:00 - command line argument: dataset - <Data.g2p: 'g2p'>
INFO - 10/05/22 21:03:14 - 0:00:00 - command line argument: max_seq_len - 128
INFO - 10/05/22 21:03:14 - 0:00:00 - command line argument: max_decode_len - 128
INFO - 10/05/22 21:03:14 - 0:00:00 - command line argument: decode_beam_size - 5
INFO - 10/05/22 21:03:14 - 0:00:00 - command line argument: init - 'init/g2p/large/seed-0/swati'
INFO - 10/05/22 21:03:14 - 0:00:00 - command line argument: dropout - 0.4
INFO - 10/05/22 21:03:14 - 0:00:00 - command line argument: embed_dim - 200
INFO - 10/05/22 21:03:14 - 0:00:00 - command line argument: nb_heads - 4
INFO - 10/05/22 21:03:14 - 0:00:00 - command line argument: src_layer - 2
INFO - 10/05/22 21:03:14 - 0:00:00 - command line argument: trg_layer - 1
INFO - 10/05/22 21:03:14 - 0:00:00 - command line argument: src_hs - 400
INFO - 10/05/22 21:03:14 - 0:00:00 - command line argument: trg_hs - 400
INFO - 10/05/22 21:03:14 - 0:00:00 - command line argument: label_smooth - 0.0
INFO - 10/05/22 21:03:14 - 0:00:00 - command line argument: tie_trg_embed - False
INFO - 10/05/22 21:03:14 - 0:00:00 - command line argument: arch - <Arch.hard: 'hard'>
INFO - 10/05/22 21:03:14 - 0:00:00 - command line argument: nb_sample - 4
INFO - 10/05/22 21:03:14 - 0:00:00 - command line argument: wid_siz - 11
INFO - 10/05/22 21:03:14 - 0:00:00 - command line argument: indtag - False
INFO - 10/05/22 21:03:14 - 0:00:00 - command line argument: decode - <Decode.greedy: 'greedy'>
INFO - 10/05/22 21:03:14 - 0:00:00 - command line argument: mono - False
INFO - 10/05/22 21:03:14 - 0:00:00 - command line argument: bestacc - False
INFO - 10/05/22 21:03:14 - 0:00:00 - src vocab size 70
INFO - 10/05/22 21:03:14 - 0:00:00 - trg vocab size 71
INFO - 10/05/22 21:03:14 - 0:00:00 - src vocab ['<PAD>', '<BOS>', '<EOS>', '<UNK>', '%', '&', "'", '.', '/', '0', '1', '2', '3', '4', '5', '6', '7', '8', '9', 'A', 'B', 'C', 'D', 'E', 'F', 'G', 'H', 'I', 'J', 'K', 'L', 'M', 'N', 'O', 'P', 'R', 'S', 'T', 'U', 'V', 'W', 'X', 'Y', 'Z', 'a', 'b', 'c', 'd', 'e', 'f', 'g', 'h', 'i', 'j', 'k', 'l', 'm', 'n', 'o', 'p', 'q', 'r', 's', 't', 'u', 'v', 'w', 'x', 'y', 'z']
INFO - 10/05/22 21:03:14 - 0:00:00 - trg vocab ['<PAD>', '<BOS>', '<EOS>', '<UNK>', '%', '&', "'", '-', '.', '/', '0', '1', '2', '3', '4', '5', '6', '7', '8', '9', 'A', 'B', 'C', 'D', 'E', 'F', 'G', 'H', 'I', 'J', 'K', 'L', 'M', 'N', 'O', 'P', 'R', 'S', 'T', 'U', 'V', 'W', 'X', 'Y', 'Z', 'a', 'b', 'c', 'd', 'e', 'f', 'g', 'h', 'i', 'j', 'k', 'l', 'm', 'n', 'o', 'p', 'q', 'r', 's', 't', 'u', 'v', 'w', 'x', 'y', 'z']
INFO - 10/05/22 21:03:14 - 0:00:00 - model: HardAttnTransducer(
                                       (src_embed): Embedding(70, 200, padding_idx=0)
                                       (trg_embed): Embedding(71, 200, padding_idx=0)
                                       (enc_rnn): LSTM(200, 400, num_layers=2, dropout=0.4, bidirectional=True)
                                       (dec_rnn): StackedLSTM(
                                         (layers): ModuleList(
                                           (0): LSTMCell(200, 400)
                                         )
                                         (dropout): Dropout(p=0.4, inplace=False)
                                       )
                                       (scale_enc_hs): Linear(in_features=800, out_features=400, bias=True)
                                       (attn): Attention()
                                       (linear_out): Linear(in_features=1200, out_features=1200, bias=True)
                                       (final_out): Linear(in_features=1200, out_features=71, bias=True)
                                       (dropout): Dropout(p=0.4, inplace=False)
                                     )
INFO - 10/05/22 21:03:14 - 0:00:00 - number of parameter 8611071
INFO - 10/05/22 21:18:00 - 0:00:00 - command line argument: seed - 0
INFO - 10/05/22 21:18:00 - 0:00:00 - command line argument: train - ['data/swati/swati.train']
INFO - 10/05/22 21:18:00 - 0:00:00 - command line argument: dev - ['data/swati/swati.dev']
INFO - 10/05/22 21:18:00 - 0:00:00 - command line argument: test - ['data/swati/swati.test']
INFO - 10/05/22 21:18:00 - 0:00:00 - command line argument: model - 'model/g2p/large/hard/swati'
INFO - 10/05/22 21:18:00 - 0:00:00 - command line argument: load - ''
INFO - 10/05/22 21:18:00 - 0:00:00 - command line argument: bs - 20
INFO - 10/05/22 21:18:00 - 0:00:00 - command line argument: epochs - 50
INFO - 10/05/22 21:18:00 - 0:00:00 - command line argument: max_steps - 0
INFO - 10/05/22 21:18:00 - 0:00:00 - command line argument: warmup_steps - 4000
INFO - 10/05/22 21:18:00 - 0:00:00 - command line argument: total_eval - -1
INFO - 10/05/22 21:18:00 - 0:00:00 - command line argument: optimizer - <Optimizer.adam: 'adam'>
INFO - 10/05/22 21:18:00 - 0:00:00 - command line argument: scheduler - <Scheduler.reducewhenstuck: 'reducewhenstuck'>
INFO - 10/05/22 21:18:00 - 0:00:00 - command line argument: lr - 0.001
INFO - 10/05/22 21:18:00 - 0:00:00 - command line argument: min_lr - 1e-05
INFO - 10/05/22 21:18:00 - 0:00:00 - command line argument: momentum - 0.9
INFO - 10/05/22 21:18:00 - 0:00:00 - command line argument: beta1 - 0.9
INFO - 10/05/22 21:18:00 - 0:00:00 - command line argument: beta2 - 0.999
INFO - 10/05/22 21:18:00 - 0:00:00 - command line argument: estop - 1e-08
INFO - 10/05/22 21:18:00 - 0:00:00 - command line argument: cooldown - 0
INFO - 10/05/22 21:18:00 - 0:00:00 - command line argument: patience - 0
INFO - 10/05/22 21:18:00 - 0:00:00 - command line argument: discount_factor - 0.5
INFO - 10/05/22 21:18:00 - 0:00:00 - command line argument: max_norm - 5.0
INFO - 10/05/22 21:18:00 - 0:00:00 - command line argument: gpuid - [0]
INFO - 10/05/22 21:18:00 - 0:00:00 - command line argument: loglevel - 'info'
INFO - 10/05/22 21:18:00 - 0:00:00 - command line argument: saveall - False
INFO - 10/05/22 21:18:00 - 0:00:00 - command line argument: shuffle - False
INFO - 10/05/22 21:18:00 - 0:00:00 - command line argument: cleanup_anyway - False
INFO - 10/05/22 21:18:00 - 0:00:00 - command line argument: dataset - <Data.g2p: 'g2p'>
INFO - 10/05/22 21:18:00 - 0:00:00 - command line argument: max_seq_len - 128
INFO - 10/05/22 21:18:00 - 0:00:00 - command line argument: max_decode_len - 128
INFO - 10/05/22 21:18:00 - 0:00:00 - command line argument: decode_beam_size - 5
INFO - 10/05/22 21:18:00 - 0:00:00 - command line argument: init - 'init/g2p/large/seed-0/swati'
INFO - 10/05/22 21:18:00 - 0:00:00 - command line argument: dropout - 0.4
INFO - 10/05/22 21:18:00 - 0:00:00 - command line argument: embed_dim - 200
INFO - 10/05/22 21:18:00 - 0:00:00 - command line argument: nb_heads - 4
INFO - 10/05/22 21:18:00 - 0:00:00 - command line argument: src_layer - 2
INFO - 10/05/22 21:18:00 - 0:00:00 - command line argument: trg_layer - 1
INFO - 10/05/22 21:18:00 - 0:00:00 - command line argument: src_hs - 400
INFO - 10/05/22 21:18:00 - 0:00:00 - command line argument: trg_hs - 400
INFO - 10/05/22 21:18:00 - 0:00:00 - command line argument: label_smooth - 0.0
INFO - 10/05/22 21:18:00 - 0:00:00 - command line argument: tie_trg_embed - False
INFO - 10/05/22 21:18:00 - 0:00:00 - command line argument: arch - <Arch.hard: 'hard'>
INFO - 10/05/22 21:18:00 - 0:00:00 - command line argument: nb_sample - 4
INFO - 10/05/22 21:18:00 - 0:00:00 - command line argument: wid_siz - 11
INFO - 10/05/22 21:18:00 - 0:00:00 - command line argument: indtag - False
INFO - 10/05/22 21:18:00 - 0:00:00 - command line argument: decode - <Decode.greedy: 'greedy'>
INFO - 10/05/22 21:18:00 - 0:00:00 - command line argument: mono - False
INFO - 10/05/22 21:18:00 - 0:00:00 - command line argument: bestacc - False
INFO - 10/05/22 21:18:00 - 0:00:00 - src vocab size 70
INFO - 10/05/22 21:18:00 - 0:00:00 - trg vocab size 71
INFO - 10/05/22 21:18:00 - 0:00:00 - src vocab ['<PAD>', '<BOS>', '<EOS>', '<UNK>', '%', '&', "'", '.', '/', '0', '1', '2', '3', '4', '5', '6', '7', '8', '9', 'A', 'B', 'C', 'D', 'E', 'F', 'G', 'H', 'I', 'J', 'K', 'L', 'M', 'N', 'O', 'P', 'R', 'S', 'T', 'U', 'V', 'W', 'X', 'Y', 'Z', 'a', 'b', 'c', 'd', 'e', 'f', 'g', 'h', 'i', 'j', 'k', 'l', 'm', 'n', 'o', 'p', 'q', 'r', 's', 't', 'u', 'v', 'w', 'x', 'y', 'z']
INFO - 10/05/22 21:18:00 - 0:00:00 - trg vocab ['<PAD>', '<BOS>', '<EOS>', '<UNK>', '%', '&', "'", '-', '.', '/', '0', '1', '2', '3', '4', '5', '6', '7', '8', '9', 'A', 'B', 'C', 'D', 'E', 'F', 'G', 'H', 'I', 'J', 'K', 'L', 'M', 'N', 'O', 'P', 'R', 'S', 'T', 'U', 'V', 'W', 'X', 'Y', 'Z', 'a', 'b', 'c', 'd', 'e', 'f', 'g', 'h', 'i', 'j', 'k', 'l', 'm', 'n', 'o', 'p', 'q', 'r', 's', 't', 'u', 'v', 'w', 'x', 'y', 'z']
INFO - 10/05/22 21:18:00 - 0:00:00 - model: HardAttnTransducer(
                                       (src_embed): Embedding(70, 200, padding_idx=0)
                                       (trg_embed): Embedding(71, 200, padding_idx=0)
                                       (enc_rnn): LSTM(200, 400, num_layers=2, dropout=0.4, bidirectional=True)
                                       (dec_rnn): StackedLSTM(
                                         (layers): ModuleList(
                                           (0): LSTMCell(200, 400)
                                         )
                                         (dropout): Dropout(p=0.4, inplace=False)
                                       )
                                       (scale_enc_hs): Linear(in_features=800, out_features=400, bias=True)
                                       (attn): Attention()
                                       (linear_out): Linear(in_features=1200, out_features=1200, bias=True)
                                       (final_out): Linear(in_features=1200, out_features=71, bias=True)
                                       (dropout): Dropout(p=0.4, inplace=False)
                                     )
INFO - 10/05/22 21:18:00 - 0:00:00 - number of parameter 8611071
INFO - 10/05/22 21:18:02 - 0:00:02 - dump to init/g2p/large/seed-0/swati
INFO - 10/05/22 21:18:02 - 0:00:02 - maximum training 27000 steps (50 epochs)
INFO - 10/05/22 21:18:02 - 0:00:02 - evaluate every 1 epochs
INFO - 10/05/22 21:18:02 - 0:00:02 - At 0-th epoch with lr 0.001000.
INFO - 10/05/22 21:18:18 - 0:00:18 - Running average train loss is 0.47066854290250276 at epoch 0
INFO - 10/05/22 21:18:18 - 0:00:18 - At 1-th epoch with lr 0.001000.
INFO - 10/05/22 21:18:33 - 0:00:33 - Running average train loss is 0.1290209021522767 at epoch 1
INFO - 10/05/22 21:18:34 - 0:00:34 - Average dev loss is 0.07460069452860842 at epoch 1
INFO - 10/05/22 21:18:34 - 0:00:34 - dev accuracy is 77.7916 at epoch 1
INFO - 10/05/22 21:18:34 - 0:00:34 - dev phenome error rate is 0.0452 at epoch 1
INFO - 10/05/22 21:18:35 - 0:00:35 - At 2-th epoch with lr 0.001000.
INFO - 10/05/22 21:18:50 - 0:00:50 - Running average train loss is 0.08889626575099235 at epoch 2
INFO - 10/05/22 21:18:51 - 0:00:51 - Average dev loss is 0.05365293253109687 at epoch 2
INFO - 10/05/22 21:18:51 - 0:00:52 - dev accuracy is 84.8635 at epoch 2
INFO - 10/05/22 21:18:51 - 0:00:52 - dev phenome error rate is 0.0384 at epoch 2
INFO - 10/05/22 21:18:52 - 0:00:52 - At 3-th epoch with lr 0.001000.
INFO - 10/05/22 21:19:07 - 0:01:07 - Running average train loss is 0.06815826626822215 at epoch 3
INFO - 10/05/22 21:19:07 - 0:01:07 - Average dev loss is 0.051907723062430265 at epoch 3
INFO - 10/05/22 21:19:08 - 0:01:08 - dev accuracy is 84.1191 at epoch 3
INFO - 10/05/22 21:19:08 - 0:01:08 - dev phenome error rate is 0.0378 at epoch 3
INFO - 10/05/22 21:19:09 - 0:01:09 - At 4-th epoch with lr 0.001000.
INFO - 10/05/22 21:19:24 - 0:01:24 - Running average train loss is 0.06417690160537691 at epoch 4
INFO - 10/05/22 21:19:24 - 0:01:24 - Average dev loss is 0.0460710399741031 at epoch 4
INFO - 10/05/22 21:19:25 - 0:01:25 - dev accuracy is 87.5931 at epoch 4
INFO - 10/05/22 21:19:25 - 0:01:25 - dev phenome error rate is 0.0237 at epoch 4
INFO - 10/05/22 21:19:26 - 0:01:26 - At 5-th epoch with lr 0.001000.
INFO - 10/05/22 21:19:41 - 0:01:41 - Running average train loss is 0.05396160872510841 at epoch 5
INFO - 10/05/22 21:19:41 - 0:01:41 - Average dev loss is 0.04741679166909307 at epoch 5
INFO - 10/05/22 21:19:43 - 0:01:43 - dev accuracy is 86.7246 at epoch 5
INFO - 10/05/22 21:19:43 - 0:01:43 - dev phenome error rate is 0.0863 at epoch 5
INFO - 10/05/22 21:19:43 - 0:01:43 - At 6-th epoch with lr 0.000500.
INFO - 10/05/22 21:19:58 - 0:01:58 - Running average train loss is 0.02762018208412445 at epoch 6
INFO - 10/05/22 21:19:58 - 0:01:58 - Average dev loss is 0.01430398221795999 at epoch 6
INFO - 10/05/22 21:19:58 - 0:00:00 - command line argument: seed - 0
INFO - 10/05/22 21:19:58 - 0:00:00 - command line argument: train - ['data/swati/swati.train']
INFO - 10/05/22 21:19:58 - 0:00:00 - command line argument: dev - ['data/swati/swati.dev']
INFO - 10/05/22 21:19:58 - 0:00:00 - command line argument: test - ['data/swati/swati.test']
INFO - 10/05/22 21:19:58 - 0:00:00 - command line argument: model - 'model/g2p/large/hard/swati'
INFO - 10/05/22 21:19:58 - 0:00:00 - command line argument: load - ''
INFO - 10/05/22 21:19:58 - 0:00:00 - command line argument: bs - 20
INFO - 10/05/22 21:19:58 - 0:00:00 - command line argument: epochs - 50
INFO - 10/05/22 21:19:58 - 0:00:00 - command line argument: max_steps - 0
INFO - 10/05/22 21:19:58 - 0:00:00 - command line argument: warmup_steps - 4000
INFO - 10/05/22 21:19:58 - 0:00:00 - command line argument: total_eval - -1
INFO - 10/05/22 21:19:58 - 0:00:00 - command line argument: optimizer - <Optimizer.adam: 'adam'>
INFO - 10/05/22 21:19:58 - 0:00:00 - command line argument: scheduler - <Scheduler.reducewhenstuck: 'reducewhenstuck'>
INFO - 10/05/22 21:19:58 - 0:00:00 - command line argument: lr - 0.001
INFO - 10/05/22 21:19:58 - 0:00:00 - command line argument: min_lr - 1e-05
INFO - 10/05/22 21:19:58 - 0:00:00 - command line argument: momentum - 0.9
INFO - 10/05/22 21:19:58 - 0:00:00 - command line argument: beta1 - 0.9
INFO - 10/05/22 21:19:58 - 0:00:00 - command line argument: beta2 - 0.999
INFO - 10/05/22 21:19:58 - 0:00:00 - command line argument: estop - 1e-08
INFO - 10/05/22 21:19:58 - 0:00:00 - command line argument: cooldown - 0
INFO - 10/05/22 21:19:58 - 0:00:00 - command line argument: patience - 0
INFO - 10/05/22 21:19:58 - 0:00:00 - command line argument: discount_factor - 0.5
INFO - 10/05/22 21:19:58 - 0:00:00 - command line argument: max_norm - 5.0
INFO - 10/05/22 21:19:58 - 0:00:00 - command line argument: gpuid - [0]
INFO - 10/05/22 21:19:58 - 0:00:00 - command line argument: loglevel - 'info'
INFO - 10/05/22 21:19:58 - 0:00:00 - command line argument: saveall - False
INFO - 10/05/22 21:19:58 - 0:00:00 - command line argument: shuffle - False
INFO - 10/05/22 21:19:58 - 0:00:00 - command line argument: cleanup_anyway - False
INFO - 10/05/22 21:19:58 - 0:00:00 - command line argument: dataset - <Data.g2p: 'g2p'>
INFO - 10/05/22 21:19:58 - 0:00:00 - command line argument: max_seq_len - 128
INFO - 10/05/22 21:19:58 - 0:00:00 - command line argument: max_decode_len - 128
INFO - 10/05/22 21:19:58 - 0:00:00 - command line argument: decode_beam_size - 5
INFO - 10/05/22 21:19:58 - 0:00:00 - command line argument: init - 'init/g2p/large/seed-0/swati'
INFO - 10/05/22 21:19:58 - 0:00:00 - command line argument: dropout - 0.4
INFO - 10/05/22 21:19:58 - 0:00:00 - command line argument: embed_dim - 200
INFO - 10/05/22 21:19:58 - 0:00:00 - command line argument: nb_heads - 4
INFO - 10/05/22 21:19:58 - 0:00:00 - command line argument: src_layer - 2
INFO - 10/05/22 21:19:58 - 0:00:00 - command line argument: trg_layer - 1
INFO - 10/05/22 21:19:58 - 0:00:00 - command line argument: src_hs - 400
INFO - 10/05/22 21:19:58 - 0:00:00 - command line argument: trg_hs - 400
INFO - 10/05/22 21:19:58 - 0:00:00 - command line argument: label_smooth - 0.0
INFO - 10/05/22 21:19:58 - 0:00:00 - command line argument: tie_trg_embed - False
INFO - 10/05/22 21:19:58 - 0:00:00 - command line argument: arch - <Arch.hard: 'hard'>
INFO - 10/05/22 21:19:58 - 0:00:00 - command line argument: nb_sample - 4
INFO - 10/05/22 21:19:58 - 0:00:00 - command line argument: wid_siz - 11
INFO - 10/05/22 21:19:58 - 0:00:00 - command line argument: indtag - False
INFO - 10/05/22 21:19:58 - 0:00:00 - command line argument: decode - <Decode.greedy: 'greedy'>
INFO - 10/05/22 21:19:58 - 0:00:00 - command line argument: mono - False
INFO - 10/05/22 21:19:58 - 0:00:00 - command line argument: bestacc - False
INFO - 10/05/22 21:19:59 - 0:00:00 - src vocab size 70
INFO - 10/05/22 21:19:59 - 0:00:00 - trg vocab size 71
INFO - 10/05/22 21:19:59 - 0:00:00 - src vocab ['<PAD>', '<BOS>', '<EOS>', '<UNK>', '%', '&', "'", '.', '/', '0', '1', '2', '3', '4', '5', '6', '7', '8', '9', 'A', 'B', 'C', 'D', 'E', 'F', 'G', 'H', 'I', 'J', 'K', 'L', 'M', 'N', 'O', 'P', 'R', 'S', 'T', 'U', 'V', 'W', 'X', 'Y', 'Z', 'a', 'b', 'c', 'd', 'e', 'f', 'g', 'h', 'i', 'j', 'k', 'l', 'm', 'n', 'o', 'p', 'q', 'r', 's', 't', 'u', 'v', 'w', 'x', 'y', 'z']
INFO - 10/05/22 21:19:59 - 0:00:00 - trg vocab ['<PAD>', '<BOS>', '<EOS>', '<UNK>', '%', '&', "'", '-', '.', '/', '0', '1', '2', '3', '4', '5', '6', '7', '8', '9', 'A', 'B', 'C', 'D', 'E', 'F', 'G', 'H', 'I', 'J', 'K', 'L', 'M', 'N', 'O', 'P', 'R', 'S', 'T', 'U', 'V', 'W', 'X', 'Y', 'Z', 'a', 'b', 'c', 'd', 'e', 'f', 'g', 'h', 'i', 'j', 'k', 'l', 'm', 'n', 'o', 'p', 'q', 'r', 's', 't', 'u', 'v', 'w', 'x', 'y', 'z']
INFO - 10/05/22 21:19:59 - 0:00:00 - model: HardAttnTransducer(
                                       (src_embed): Embedding(70, 200, padding_idx=0)
                                       (trg_embed): Embedding(71, 200, padding_idx=0)
                                       (enc_rnn): LSTM(200, 400, num_layers=2, dropout=0.4, bidirectional=True)
                                       (dec_rnn): StackedLSTM(
                                         (layers): ModuleList(
                                           (0): LSTMCell(200, 400)
                                         )
                                         (dropout): Dropout(p=0.4, inplace=False)
                                       )
                                       (scale_enc_hs): Linear(in_features=800, out_features=400, bias=True)
                                       (attn): Attention()
                                       (linear_out): Linear(in_features=1200, out_features=1200, bias=True)
                                       (final_out): Linear(in_features=1200, out_features=71, bias=True)
                                       (dropout): Dropout(p=0.4, inplace=False)
                                     )
INFO - 10/05/22 21:19:59 - 0:00:00 - number of parameter 8611071
INFO - 10/05/22 21:19:59 - 0:01:59 - dev accuracy is 95.0372 at epoch 6
INFO - 10/05/22 21:19:59 - 0:01:59 - dev phenome error rate is 0.0179 at epoch 6
INFO - 10/05/22 21:19:59 - 0:01:59 - At 7-th epoch with lr 0.000500.
INFO - 10/05/22 21:20:01 - 0:00:03 - load from init/g2p/large/seed-0/swati
INFO - 10/05/22 21:20:01 - 0:00:03 - maximum training 27000 steps (50 epochs)
INFO - 10/05/22 21:20:01 - 0:00:03 - evaluate every 1 epochs
INFO - 10/05/22 21:20:01 - 0:00:03 - At 0-th epoch with lr 0.001000.
INFO - 10/05/22 21:20:15 - 0:02:15 - Running average train loss is 0.01802308988122537 at epoch 7
INFO - 10/05/22 21:20:15 - 0:02:15 - Average dev loss is 0.011058545494085626 at epoch 7
INFO - 10/05/22 21:20:15 - 0:00:17 - Running average train loss is 0.469853154466384 at epoch 0
INFO - 10/05/22 21:20:15 - 0:00:17 - At 1-th epoch with lr 0.001000.
INFO - 10/05/22 21:20:16 - 0:02:16 - dev accuracy is 96.5261 at epoch 7
INFO - 10/05/22 21:20:16 - 0:02:16 - dev phenome error rate is 0.0154 at epoch 7
INFO - 10/05/22 21:20:17 - 0:02:17 - At 8-th epoch with lr 0.000500.
INFO - 10/05/22 21:20:29 - 0:00:31 - Running average train loss is 0.12359964222026368 at epoch 1
INFO - 10/05/22 21:20:29 - 0:00:31 - Average dev loss is 0.07128474686329288 at epoch 1
INFO - 10/05/22 21:20:30 - 0:00:32 - dev accuracy is 80.397 at epoch 1
INFO - 10/05/22 21:20:30 - 0:00:32 - dev phenome error rate is 0.0616 at epoch 1
INFO - 10/05/22 21:20:30 - 0:00:32 - At 2-th epoch with lr 0.001000.
INFO - 10/05/22 21:20:32 - 0:02:32 - Running average train loss is 0.015027314645757779 at epoch 8
INFO - 10/05/22 21:20:33 - 0:02:33 - Average dev loss is 0.009388822631283093 at epoch 8
INFO - 10/05/22 21:20:33 - 0:02:33 - dev accuracy is 96.0298 at epoch 8
INFO - 10/05/22 21:20:33 - 0:02:33 - dev phenome error rate is 0.0156 at epoch 8
INFO - 10/05/22 21:20:34 - 0:02:34 - At 9-th epoch with lr 0.000500.
INFO - 10/05/22 21:20:44 - 0:00:46 - Running average train loss is 0.08858204595227208 at epoch 2
INFO - 10/05/22 21:20:44 - 0:00:46 - Average dev loss is 0.05234385299910274 at epoch 2
INFO - 10/05/22 21:20:45 - 0:00:47 - dev accuracy is 85.4839 at epoch 2
INFO - 10/05/22 21:20:45 - 0:00:47 - dev phenome error rate is 0.0411 at epoch 2
INFO - 10/05/22 21:20:46 - 0:00:47 - At 3-th epoch with lr 0.001000.
INFO - 10/05/22 21:20:49 - 0:02:49 - Running average train loss is 0.015739583438887535 at epoch 9
INFO - 10/05/22 21:20:49 - 0:02:49 - Average dev loss is 0.009509131628739717 at epoch 9
INFO - 10/05/22 21:20:50 - 0:02:50 - dev accuracy is 96.6501 at epoch 9
INFO - 10/05/22 21:20:50 - 0:02:50 - dev phenome error rate is 0.0073 at epoch 9
INFO - 10/05/22 21:20:50 - 0:02:50 - At 10-th epoch with lr 0.000250.
INFO - 10/05/22 21:20:59 - 0:01:01 - Running average train loss is 0.07280246110296705 at epoch 3
INFO - 10/05/22 21:21:00 - 0:01:01 - Average dev loss is 0.05960705210627229 at epoch 3
INFO - 10/05/22 21:21:00 - 0:01:02 - dev accuracy is 83.7469 at epoch 3
INFO - 10/05/22 21:21:00 - 0:01:02 - dev phenome error rate is 0.0411 at epoch 3
INFO - 10/05/22 21:21:01 - 0:01:02 - At 4-th epoch with lr 0.000500.
INFO - 10/05/22 21:21:05 - 0:03:05 - Running average train loss is 0.010590944923347303 at epoch 10
INFO - 10/05/22 21:21:06 - 0:03:06 - Average dev loss is 0.004918932861309494 at epoch 10
INFO - 10/05/22 21:21:07 - 0:03:07 - dev accuracy is 98.0149 at epoch 10
INFO - 10/05/22 21:21:07 - 0:03:07 - dev phenome error rate is 0.0045 at epoch 10
INFO - 10/05/22 21:21:07 - 0:03:07 - At 11-th epoch with lr 0.000250.
INFO - 10/05/22 21:21:14 - 0:01:16 - Running average train loss is 0.03460577604516099 at epoch 4
INFO - 10/05/22 21:21:15 - 0:01:16 - Average dev loss is 0.01881682523741835 at epoch 4
INFO - 10/05/22 21:21:15 - 0:01:17 - dev accuracy is 93.3002 at epoch 4
INFO - 10/05/22 21:21:15 - 0:01:17 - dev phenome error rate is 0.013 at epoch 4
INFO - 10/05/22 21:21:16 - 0:01:17 - At 5-th epoch with lr 0.000500.
INFO - 10/05/22 21:21:22 - 0:03:22 - Running average train loss is 0.00653357447992204 at epoch 11
INFO - 10/05/22 21:21:22 - 0:03:22 - Average dev loss is 0.0023159852434791565 at epoch 11
INFO - 10/05/22 21:21:23 - 0:03:23 - dev accuracy is 99.1315 at epoch 11
INFO - 10/05/22 21:21:23 - 0:03:23 - dev phenome error rate is 0.0015 at epoch 11
INFO - 10/05/22 21:21:23 - 0:03:23 - At 12-th epoch with lr 0.000250.
INFO - 10/05/22 21:21:29 - 0:01:31 - Running average train loss is 0.024966791329939883 at epoch 5
INFO - 10/05/22 21:21:30 - 0:01:31 - Average dev loss is 0.012753836970120945 at epoch 5
INFO - 10/05/22 21:21:30 - 0:01:32 - dev accuracy is 95.1613 at epoch 5
INFO - 10/05/22 21:21:30 - 0:01:32 - dev phenome error rate is 0.0193 at epoch 5
INFO - 10/05/22 21:21:31 - 0:01:32 - At 6-th epoch with lr 0.000500.
INFO - 10/05/22 21:21:39 - 0:03:39 - Running average train loss is 0.006929785561994693 at epoch 12
INFO - 10/05/22 21:21:39 - 0:03:39 - Average dev loss is 0.0015567932325750546 at epoch 12
INFO - 10/05/22 21:21:40 - 0:03:40 - dev accuracy is 99.6278 at epoch 12
INFO - 10/05/22 21:21:40 - 0:03:40 - dev phenome error rate is 0.0011 at epoch 12
INFO - 10/05/22 21:21:40 - 0:03:40 - At 13-th epoch with lr 0.000250.
INFO - 10/05/22 21:21:44 - 0:01:46 - Running average train loss is 0.022487253562549422 at epoch 6
INFO - 10/05/22 21:21:45 - 0:01:46 - Average dev loss is 0.012865658411842392 at epoch 6
INFO - 10/05/22 21:21:45 - 0:01:47 - dev accuracy is 95.2854 at epoch 6
INFO - 10/05/22 21:21:45 - 0:01:47 - dev phenome error rate is 0.0171 at epoch 6
INFO - 10/05/22 21:21:46 - 0:01:47 - At 7-th epoch with lr 0.000250.
INFO - 10/05/22 21:21:55 - 0:03:55 - Running average train loss is 0.0060503596818172675 at epoch 13
INFO - 10/05/22 21:21:56 - 0:03:56 - Average dev loss is 0.001330689948527261 at epoch 13
INFO - 10/05/22 21:21:57 - 0:03:57 - dev accuracy is 99.6278 at epoch 13
INFO - 10/05/22 21:21:57 - 0:03:57 - dev phenome error rate is 0.0011 at epoch 13
INFO - 10/05/22 21:21:57 - 0:03:57 - At 14-th epoch with lr 0.000250.
INFO - 10/05/22 21:22:00 - 0:02:01 - Running average train loss is 0.01373221557026867 at epoch 7
INFO - 10/05/22 21:22:00 - 0:02:01 - Average dev loss is 0.005979559186083928 at epoch 7
INFO - 10/05/22 21:22:01 - 0:02:02 - dev accuracy is 97.2705 at epoch 7
INFO - 10/05/22 21:22:01 - 0:02:02 - dev phenome error rate is 0.0059 at epoch 7
INFO - 10/05/22 21:22:01 - 0:02:02 - At 8-th epoch with lr 0.000250.
INFO - 10/05/22 21:22:12 - 0:04:12 - Running average train loss is 0.006000744322308391 at epoch 14
INFO - 10/05/22 21:22:12 - 0:04:12 - Average dev loss is 0.0014993000931671876 at epoch 14
INFO - 10/05/22 21:22:13 - 0:04:13 - dev accuracy is 99.5037 at epoch 14
INFO - 10/05/22 21:22:13 - 0:04:13 - dev phenome error rate is 0.0093 at epoch 14
INFO - 10/05/22 21:22:13 - 0:04:13 - At 15-th epoch with lr 0.000125.
INFO - 10/05/22 21:22:14 - 0:02:16 - Running average train loss is 0.010016187721716792 at epoch 8
INFO - 10/05/22 21:22:15 - 0:02:16 - Average dev loss is 0.005380385483780022 at epoch 8
INFO - 10/05/22 21:22:16 - 0:02:17 - dev accuracy is 97.5186 at epoch 8
INFO - 10/05/22 21:22:16 - 0:02:17 - dev phenome error rate is 0.0058 at epoch 8
INFO - 10/05/22 21:22:16 - 0:02:17 - At 9-th epoch with lr 0.000250.
INFO - 10/05/22 21:22:28 - 0:04:28 - Running average train loss is 0.004573681128588052 at epoch 15
INFO - 10/05/22 21:22:29 - 0:04:29 - Average dev loss is 0.0013091279486750998 at epoch 15
INFO - 10/05/22 21:22:29 - 0:02:31 - Running average train loss is 0.01013354398288626 at epoch 9
INFO - 10/05/22 21:22:30 - 0:04:30 - dev accuracy is 99.7519 at epoch 15
INFO - 10/05/22 21:22:30 - 0:04:30 - dev phenome error rate is 0.0004 at epoch 15
INFO - 10/05/22 21:22:30 - 0:02:31 - Average dev loss is 0.0043380108872952405 at epoch 9
INFO - 10/05/22 21:22:30 - 0:04:30 - At 16-th epoch with lr 0.000125.
INFO - 10/05/22 21:22:31 - 0:02:32 - dev accuracy is 98.0149 at epoch 9
INFO - 10/05/22 21:22:31 - 0:02:32 - dev phenome error rate is 0.0046 at epoch 9
INFO - 10/05/22 21:22:31 - 0:02:32 - At 10-th epoch with lr 0.000250.
INFO - 10/05/22 21:22:44 - 0:02:46 - Running average train loss is 0.008804278780169423 at epoch 10
INFO - 10/05/22 21:22:45 - 0:02:46 - Average dev loss is 0.0019196681182452099 at epoch 10
INFO - 10/05/22 21:22:45 - 0:04:45 - Running average train loss is 0.0031075730237380074 at epoch 16
INFO - 10/05/22 21:22:45 - 0:04:45 - Average dev loss is 0.0007801241909638284 at epoch 16
INFO - 10/05/22 21:22:45 - 0:02:47 - dev accuracy is 99.3797 at epoch 10
INFO - 10/05/22 21:22:45 - 0:02:47 - dev phenome error rate is 0.001 at epoch 10
INFO - 10/05/22 21:22:46 - 0:02:47 - At 11-th epoch with lr 0.000250.
INFO - 10/05/22 21:22:46 - 0:04:46 - dev accuracy is 99.8759 at epoch 16
INFO - 10/05/22 21:22:46 - 0:04:46 - dev phenome error rate is 0.0002 at epoch 16
INFO - 10/05/22 21:22:46 - 0:04:46 - At 17-th epoch with lr 0.000125.
INFO - 10/05/22 21:22:59 - 0:03:01 - Running average train loss is 0.007656227372865908 at epoch 11
INFO - 10/05/22 21:23:00 - 0:03:01 - Average dev loss is 0.004571500584360264 at epoch 11
INFO - 10/05/22 21:23:00 - 0:03:02 - dev accuracy is 98.8834 at epoch 11
INFO - 10/05/22 21:23:00 - 0:03:02 - dev phenome error rate is 0.0121 at epoch 11
INFO - 10/05/22 21:23:01 - 0:03:02 - At 12-th epoch with lr 0.000125.
INFO - 10/05/22 21:23:01 - 0:05:01 - Running average train loss is 0.0030724573718543978 at epoch 17
INFO - 10/05/22 21:23:02 - 0:05:02 - Average dev loss is 0.0008938676164520816 at epoch 17
INFO - 10/05/22 21:23:03 - 0:05:03 - dev accuracy is 99.8759 at epoch 17
INFO - 10/05/22 21:23:03 - 0:05:03 - dev phenome error rate is 0.0002 at epoch 17
INFO - 10/05/22 21:23:03 - 0:05:03 - At 18-th epoch with lr 0.000063.
INFO - 10/05/22 21:23:14 - 0:03:16 - Running average train loss is 0.005642983545921096 at epoch 12
INFO - 10/05/22 21:23:15 - 0:03:16 - Average dev loss is 0.001676167591102529 at epoch 12
INFO - 10/05/22 21:23:15 - 0:03:17 - dev accuracy is 99.5037 at epoch 12
INFO - 10/05/22 21:23:15 - 0:03:17 - dev phenome error rate is 0.0093 at epoch 12
INFO - 10/05/22 21:23:16 - 0:03:17 - At 13-th epoch with lr 0.000125.
INFO - 10/05/22 21:23:18 - 0:05:18 - Running average train loss is 0.00254301218445242 at epoch 18
INFO - 10/05/22 21:23:18 - 0:05:18 - Average dev loss is 0.0006839940676770682 at epoch 18
INFO - 10/05/22 21:23:19 - 0:05:19 - dev accuracy is 99.8759 at epoch 18
INFO - 10/05/22 21:23:19 - 0:05:19 - dev phenome error rate is 0.0002 at epoch 18
INFO - 10/05/22 21:23:19 - 0:05:19 - At 19-th epoch with lr 0.000063.
INFO - 10/05/22 21:23:29 - 0:03:31 - Running average train loss is 0.00470212622572877 at epoch 13
INFO - 10/05/22 21:23:29 - 0:03:31 - Average dev loss is 0.0013975986249971793 at epoch 13
INFO - 10/05/22 21:23:30 - 0:03:32 - dev accuracy is 99.7519 at epoch 13
INFO - 10/05/22 21:23:30 - 0:03:32 - dev phenome error rate is 0.0089 at epoch 13
INFO - 10/05/22 21:23:30 - 0:03:32 - At 14-th epoch with lr 0.000125.
INFO - 10/05/22 21:23:34 - 0:05:34 - Running average train loss is 0.0021355084628171257 at epoch 19
INFO - 10/05/22 21:23:35 - 0:05:35 - Average dev loss is 0.0006540398148057715 at epoch 19
INFO - 10/05/22 21:23:36 - 0:05:36 - dev accuracy is 99.7519 at epoch 19
INFO - 10/05/22 21:23:36 - 0:05:36 - dev phenome error rate is 0.0008 at epoch 19
INFO - 10/05/22 21:23:36 - 0:05:36 - At 20-th epoch with lr 0.000063.
INFO - 10/05/22 21:23:44 - 0:03:45 - Running average train loss is 0.0039535619211636475 at epoch 14
INFO - 10/05/22 21:23:44 - 0:03:46 - Average dev loss is 0.0015926730214198836 at epoch 14
INFO - 10/05/22 21:23:45 - 0:03:47 - dev accuracy is 99.6278 at epoch 14
INFO - 10/05/22 21:23:45 - 0:03:47 - dev phenome error rate is 0.0091 at epoch 14
INFO - 10/05/22 21:23:45 - 0:03:47 - At 15-th epoch with lr 0.000063.
INFO - 10/05/22 21:23:51 - 0:05:51 - Running average train loss is 0.0019358604189148065 at epoch 20
INFO - 10/05/22 21:23:51 - 0:05:51 - Average dev loss is 0.0006256917935792848 at epoch 20
INFO - 10/05/22 21:23:52 - 0:05:52 - dev accuracy is 99.8759 at epoch 20
INFO - 10/05/22 21:23:52 - 0:05:52 - dev phenome error rate is 0.0002 at epoch 20
INFO - 10/05/22 21:23:52 - 0:05:52 - At 21-th epoch with lr 0.000063.
INFO - 10/05/22 21:23:59 - 0:04:00 - Running average train loss is 0.0032086665645423367 at epoch 15
INFO - 10/05/22 21:23:59 - 0:04:01 - Average dev loss is 0.0008558655774524797 at epoch 15
INFO - 10/05/22 21:24:00 - 0:04:01 - dev accuracy is 99.8759 at epoch 15
INFO - 10/05/22 21:24:00 - 0:04:01 - dev phenome error rate is 0.0002 at epoch 15
INFO - 10/05/22 21:24:00 - 0:04:01 - At 16-th epoch with lr 0.000063.
INFO - 10/05/22 21:24:07 - 0:06:07 - Running average train loss is 0.00216444119556669 at epoch 21
INFO - 10/05/22 21:24:08 - 0:06:08 - Average dev loss is 0.0006342923513195139 at epoch 21
INFO - 10/05/22 21:24:09 - 0:06:09 - dev accuracy is 99.8759 at epoch 21
INFO - 10/05/22 21:24:09 - 0:06:09 - dev phenome error rate is 0.0002 at epoch 21
INFO - 10/05/22 21:24:09 - 0:06:09 - At 22-th epoch with lr 0.000031.
INFO - 10/05/22 21:24:13 - 0:04:15 - Running average train loss is 0.0030093521218212253 at epoch 16
INFO - 10/05/22 21:24:14 - 0:04:15 - Average dev loss is 0.0008306027588400024 at epoch 16
INFO - 10/05/22 21:24:14 - 0:04:16 - dev accuracy is 99.8759 at epoch 16
INFO - 10/05/22 21:24:14 - 0:04:16 - dev phenome error rate is 0.0002 at epoch 16
INFO - 10/05/22 21:24:15 - 0:04:16 - At 17-th epoch with lr 0.000063.
INFO - 10/05/22 21:24:24 - 0:06:24 - Running average train loss is 0.0017855673642804537 at epoch 22
INFO - 10/05/22 21:24:24 - 0:06:24 - Average dev loss is 0.0004450625569579306 at epoch 22
INFO - 10/05/22 21:24:25 - 0:06:25 - dev accuracy is 99.8759 at epoch 22
INFO - 10/05/22 21:24:25 - 0:06:25 - dev phenome error rate is 0.0002 at epoch 22
INFO - 10/05/22 21:24:25 - 0:06:25 - At 23-th epoch with lr 0.000031.
INFO - 10/05/22 21:24:28 - 0:04:30 - Running average train loss is 0.0025907091972166437 at epoch 17
INFO - 10/05/22 21:24:29 - 0:04:30 - Average dev loss is 0.0009223300960204344 at epoch 17
INFO - 10/05/22 21:24:29 - 0:04:31 - dev accuracy is 99.8759 at epoch 17
INFO - 10/05/22 21:24:29 - 0:04:31 - dev phenome error rate is 0.0002 at epoch 17
INFO - 10/05/22 21:24:30 - 0:04:31 - At 18-th epoch with lr 0.000031.
INFO - 10/05/22 21:24:40 - 0:06:40 - Running average train loss is 0.0015430525441742146 at epoch 23
INFO - 10/05/22 21:24:41 - 0:06:41 - Average dev loss is 0.0004145973798417631 at epoch 23
INFO - 10/05/22 21:24:42 - 0:06:42 - dev accuracy is 99.8759 at epoch 23
INFO - 10/05/22 21:24:42 - 0:06:42 - dev phenome error rate is 0.0002 at epoch 23
INFO - 10/05/22 21:24:42 - 0:06:42 - At 24-th epoch with lr 0.000031.
INFO - 10/05/22 21:24:43 - 0:04:45 - Running average train loss is 0.0023215797658849625 at epoch 18
INFO - 10/05/22 21:24:43 - 0:04:45 - Average dev loss is 0.0005914989261934048 at epoch 18
INFO - 10/05/22 21:24:44 - 0:04:46 - dev accuracy is 99.8759 at epoch 18
INFO - 10/05/22 21:24:44 - 0:04:46 - dev phenome error rate is 0.0002 at epoch 18
INFO - 10/05/22 21:24:44 - 0:04:46 - At 19-th epoch with lr 0.000031.
INFO - 10/05/22 21:24:57 - 0:06:57 - Running average train loss is 0.00144148935237859 at epoch 24
INFO - 10/05/22 21:24:58 - 0:06:58 - Average dev loss is 0.0004473199455114135 at epoch 24
INFO - 10/05/22 21:24:58 - 0:04:59 - Running average train loss is 0.0021806065602807696 at epoch 19
INFO - 10/05/22 21:24:58 - 0:05:00 - Average dev loss is 0.0005341030914509988 at epoch 19
INFO - 10/05/22 21:24:58 - 0:06:58 - dev accuracy is 99.8759 at epoch 24
INFO - 10/05/22 21:24:58 - 0:06:58 - dev phenome error rate is 0.0002 at epoch 24
INFO - 10/05/22 21:24:59 - 0:06:59 - At 25-th epoch with lr 0.000016.
INFO - 10/05/22 21:24:59 - 0:05:01 - dev accuracy is 99.8759 at epoch 19
INFO - 10/05/22 21:24:59 - 0:05:01 - dev phenome error rate is 0.0002 at epoch 19
INFO - 10/05/22 21:24:59 - 0:05:01 - At 20-th epoch with lr 0.000031.
INFO - 10/05/22 21:25:13 - 0:05:14 - Running average train loss is 0.0021943506199292003 at epoch 20
INFO - 10/05/22 21:25:13 - 0:05:15 - Average dev loss is 0.000620417847450746 at epoch 20
INFO - 10/05/22 21:25:14 - 0:07:14 - Running average train loss is 0.0016563818892269342 at epoch 25
INFO - 10/05/22 21:25:14 - 0:05:15 - dev accuracy is 99.7519 at epoch 20
INFO - 10/05/22 21:25:14 - 0:05:15 - dev phenome error rate is 0.0005 at epoch 20
INFO - 10/05/22 21:25:14 - 0:05:16 - At 21-th epoch with lr 0.000016.
INFO - 10/05/22 21:25:14 - 0:07:14 - Average dev loss is 0.0003385910228930529 at epoch 25
INFO - 10/05/22 21:25:15 - 0:07:15 - dev accuracy is 99.8759 at epoch 25
INFO - 10/05/22 21:25:15 - 0:07:15 - dev phenome error rate is 0.0002 at epoch 25
INFO - 10/05/22 21:25:15 - 0:07:15 - At 26-th epoch with lr 0.000016.
INFO - 10/05/22 21:25:27 - 0:05:29 - Running average train loss is 0.0018337703685271359 at epoch 21
INFO - 10/05/22 21:25:28 - 0:05:29 - Average dev loss is 0.0004852856424838171 at epoch 21
INFO - 10/05/22 21:25:29 - 0:05:30 - dev accuracy is 99.8759 at epoch 21
INFO - 10/05/22 21:25:29 - 0:05:30 - dev phenome error rate is 0.0002 at epoch 21
INFO - 10/05/22 21:25:29 - 0:05:30 - At 22-th epoch with lr 0.000016.
INFO - 10/05/22 21:25:30 - 0:07:30 - Running average train loss is 0.001448516892270601 at epoch 26
INFO - 10/05/22 21:25:31 - 0:07:31 - Average dev loss is 0.0003445687150108117 at epoch 26
INFO - 10/05/22 21:25:31 - 0:07:32 - dev accuracy is 99.8759 at epoch 26
INFO - 10/05/22 21:25:31 - 0:07:32 - dev phenome error rate is 0.0002 at epoch 26
INFO - 10/05/22 21:25:32 - 0:07:32 - At 27-th epoch with lr 0.000010.
INFO - 10/05/22 21:25:42 - 0:05:44 - Running average train loss is 0.0019493133880637793 at epoch 22
INFO - 10/05/22 21:25:43 - 0:05:44 - Average dev loss is 0.0005206276022093974 at epoch 22
INFO - 10/05/22 21:25:43 - 0:05:45 - dev accuracy is 99.8759 at epoch 22
INFO - 10/05/22 21:25:43 - 0:05:45 - dev phenome error rate is 0.0002 at epoch 22
INFO - 10/05/22 21:25:44 - 0:05:45 - At 23-th epoch with lr 0.000010.
INFO - 10/05/22 21:25:47 - 0:07:47 - Running average train loss is 0.0013084853412928404 at epoch 27
INFO - 10/05/22 21:25:47 - 0:07:47 - Average dev loss is 0.0003451470994672558 at epoch 27
INFO - 10/05/22 21:25:48 - 0:07:48 - dev accuracy is 99.8759 at epoch 27
INFO - 10/05/22 21:25:48 - 0:07:48 - dev phenome error rate is 0.0002 at epoch 27
INFO - 10/05/22 21:25:48 - 0:07:48 - Early stopping triggered with epoch 27 (previous dev loss: 0.000345, current: 0.000345)
INFO - 10/05/22 21:25:48 - 0:07:48 - loading model/g2p/large/hard/swati.nll_0.0003.acc_99.8759.per_0.0002.epoch_26 for testing
INFO - 10/05/22 21:25:48 - 0:07:48 - load model in model/g2p/large/hard/swati.nll_0.0003.acc_99.8759.per_0.0002.epoch_26
INFO - 10/05/22 21:25:48 - 0:07:49 - Average dev loss is 0.0003445686945303384 at epoch -1
INFO - 10/05/22 21:25:48 - 0:07:49 - decoding dev set
INFO - 10/05/22 21:25:50 - 0:07:50 - finished decoding 1079 dev instance
INFO - 10/05/22 21:25:50 - 0:07:50 - DEV accuracy is 99.8759 at epoch -1
INFO - 10/05/22 21:25:50 - 0:07:50 - DEV phenome error rate is 0.0002 at epoch -1
INFO - 10/05/22 21:25:50 - 0:07:50 - DEV swati acc 99.8759 per 0.0002
INFO - 10/05/22 21:25:52 - 0:07:52 - Average test loss is 0.41667430350847595 at epoch -1
INFO - 10/05/22 21:25:52 - 0:07:52 - decoding test set
INFO - 10/05/22 21:25:57 - 0:05:59 - Running average train loss is 0.0016085213117885697 at epoch 23
INFO - 10/05/22 21:25:57 - 0:07:57 - finished decoding 5639 test instance
INFO - 10/05/22 21:25:57 - 0:07:57 - TEST accuracy is 72.7778 at epoch -1
INFO - 10/05/22 21:25:57 - 0:07:57 - TEST phenome error rate is 0.0541 at epoch -1
INFO - 10/05/22 21:25:57 - 0:07:57 - TEST swati acc 72.7778 per 0.0541
INFO - 10/05/22 21:25:57 - 0:05:59 - Average dev loss is 0.00046745479785722973 at epoch 23
INFO - 10/05/22 21:25:58 - 0:06:00 - dev accuracy is 99.8759 at epoch 23
INFO - 10/05/22 21:25:58 - 0:06:00 - dev phenome error rate is 0.0002 at epoch 23
INFO - 10/05/22 21:25:58 - 0:06:00 - At 24-th epoch with lr 0.000010.
INFO - 10/05/22 21:26:12 - 0:06:13 - Running average train loss is 0.0016122869347782397 at epoch 24
INFO - 10/05/22 21:26:12 - 0:06:14 - Average dev loss is 0.0004912192987965816 at epoch 24
INFO - 10/05/22 21:26:13 - 0:06:14 - dev accuracy is 99.8759 at epoch 24
INFO - 10/05/22 21:26:13 - 0:06:14 - dev phenome error rate is 0.0002 at epoch 24
INFO - 10/05/22 21:26:13 - 0:06:14 - Early stopping triggered with epoch 24 (previous dev loss: 0.000467, current: 0.000491)
INFO - 10/05/22 21:26:13 - 0:06:14 - loading model/g2p/large/hard/swati.nll_0.0005.acc_99.8759.per_0.0002.epoch_23 for testing
INFO - 10/05/22 21:26:13 - 0:06:14 - load model in model/g2p/large/hard/swati.nll_0.0005.acc_99.8759.per_0.0002.epoch_23
INFO - 10/05/22 21:26:13 - 0:06:15 - Average dev loss is 0.0004674548049310774 at epoch -1
INFO - 10/05/22 21:26:13 - 0:06:15 - decoding dev set
INFO - 10/05/22 21:26:14 - 0:06:16 - finished decoding 1079 dev instance
INFO - 10/05/22 21:26:14 - 0:06:16 - DEV accuracy is 99.8759 at epoch -1
INFO - 10/05/22 21:26:14 - 0:06:16 - DEV phenome error rate is 0.0002 at epoch -1
INFO - 10/05/22 21:26:14 - 0:06:16 - DEV swati acc 99.8759 per 0.0002
INFO - 10/05/22 21:26:16 - 0:06:18 - Average test loss is 0.394613742927446 at epoch -1
INFO - 10/05/22 21:26:16 - 0:06:18 - decoding test set
INFO - 10/05/22 21:26:21 - 0:06:23 - finished decoding 5639 test instance
INFO - 10/05/22 21:26:21 - 0:06:23 - TEST accuracy is 73.5417 at epoch -1
INFO - 10/05/22 21:26:21 - 0:06:23 - TEST phenome error rate is 0.0523 at epoch -1
INFO - 10/05/22 21:26:21 - 0:06:23 - TEST swati acc 73.5417 per 0.0523
